<?xml version="1.0" encoding="UTF-8"?>
<testsuite name="com.ats.application.apm.ProfileManagementApplicationTests" time="0.015" tests="1" errors="1" skipped="0" failures="0">
  <properties>
[...]
</properties>
  <testcase name="contextLoads" classname="com.ats.application.apm.ProfileManagementApplicationTests" time="0.015">
    <error message="javax/servlet/SessionCookieConfig" type="java.lang.NoClassDefFoundError">java.lang.NoClassDefFoundError: javax/servlet/SessionCookieConfig
	at org.springframework.boot.test.context.SpringBootContextLoader$WebConfigurer.addMockServletContext(SpringBootContextLoader.java:273)
	at org.springframework.boot.test.context.SpringBootContextLoader$WebConfigurer.configure(SpringBootContextLoader.java:266)
	at org.springframework.boot.test.context.SpringBootContextLoader.loadContext(SpringBootContextLoader.java:114)
	at org.springframework.test.context.cache.DefaultCacheAwareContextLoaderDelegate.loadContextInternal(DefaultCacheAwareContextLoaderDelegate.java:98)
	at org.springframework.test.context.cache.DefaultCacheAwareContextLoaderDelegate.loadContext(DefaultCacheAwareContextLoaderDelegate.java:116)
	at org.springframework.test.context.support.DefaultTestContext.getApplicationContext(DefaultTestContext.java:83)
	at org.springframework.test.context.web.ServletTestExecutionListener.setUpRequestContextIfNecessary(ServletTestExecutionListener.java:189)
	at org.springframework.test.context.web.ServletTestExecutionListener.prepareTestInstance(ServletTestExecutionListener.java:131)
	at org.springframework.test.context.TestContextManager.prepareTestInstance(TestContextManager.java:230)
	at org.springframework.test.context.junit4.SpringJUnit4ClassRunner.createTest(SpringJUnit4ClassRunner.java:228)
	at org.springframework.test.context.junit4.SpringJUnit4ClassRunner$1.runReflectiveCall(SpringJUnit4ClassRunner.java:287)
	at org.junit.internal.runners.model.ReflectiveCallable.run(ReflectiveCallable.java:12)
	at org.springframework.test.context.junit4.SpringJUnit4ClassRunner.methodBlock(SpringJUnit4ClassRunner.java:289)
	at org.springframework.test.context.junit4.SpringJUnit4ClassRunner.runChild(SpringJUnit4ClassRunner.java:247)
	at org.springframework.test.context.junit4.SpringJUnit4ClassRunner.runChild(SpringJUnit4ClassRunner.java:94)
	at org.junit.runners.ParentRunner$3.run(ParentRunner.java:290)
	at org.junit.runners.ParentRunner$1.schedule(ParentRunner.java:71)
	at org.junit.runners.ParentRunner.runChildren(ParentRunner.java:288)
	at org.junit.runners.ParentRunner.access$000(ParentRunner.java:58)
	at org.junit.runners.ParentRunner$2.evaluate(ParentRunner.java:268)
	at org.springframework.test.context.junit4.statements.RunBeforeTestClassCallbacks.evaluate(RunBeforeTestClassCallbacks.java:61)
	at org.springframework.test.context.junit4.statements.RunAfterTestClassCallbacks.evaluate(RunAfterTestClassCallbacks.java:70)
	at org.junit.runners.ParentRunner.run(ParentRunner.java:363)
	at org.springframework.test.context.junit4.SpringJUnit4ClassRunner.run(SpringJUnit4ClassRunner.java:191)
	at org.apache.maven.surefire.junit4.JUnit4Provider.execute(JUnit4Provider.java:283)
	at org.apache.maven.surefire.junit4.JUnit4Provider.executeWithRerun(JUnit4Provider.java:173)
	at org.apache.maven.surefire.junit4.JUnit4Provider.executeTestSet(JUnit4Provider.java:153)
	at org.apache.maven.surefire.junit4.JUnit4Provider.invoke(JUnit4Provider.java:128)
	at org.apache.maven.surefire.booter.ForkedBooter.invokeProviderInSameClassLoader(ForkedBooter.java:203)
	at org.apache.maven.surefire.booter.ForkedBooter.runSuitesInProcess(ForkedBooter.java:155)
	at org.apache.maven.surefire.booter.ForkedBooter.main(ForkedBooter.java:103)
Caused by: java.lang.ClassNotFoundException: javax.servlet.SessionCookieConfig
	at java.net.URLClassLoader.findClass(URLClassLoader.java:381)
	at java.lang.ClassLoader.loadClass(ClassLoader.java:424)
	at sun.misc.Launcher$AppClassLoader.loadClass(Launcher.java:331)
	at java.lang.ClassLoader.loadClass(ClassLoader.java:357)
	at org.springframework.boot.test.context.SpringBootContextLoader$WebConfigurer.addMockServletContext(SpringBootContextLoader.java:273)
	at org.springframework.boot.test.context.SpringBootContextLoader$WebConfigurer.configure(SpringBootContextLoader.java:266)
	at org.springframework.boot.test.context.SpringBootContextLoader.loadContext(SpringBootContextLoader.java:114)
	at org.springframework.test.context.cache.DefaultCacheAwareContextLoaderDelegate.loadContextInternal(DefaultCacheAwareContextLoaderDelegate.java:98)
	at org.springframework.test.context.cache.DefaultCacheAwareContextLoaderDelegate.loadContext(DefaultCacheAwareContextLoaderDelegate.java:116)
	at org.springframework.test.context.support.DefaultTestContext.getApplicationContext(DefaultTestContext.java:83)
	at org.springframework.test.context.web.ServletTestExecutionListener.setUpRequestContextIfNecessary(ServletTestExecutionListener.java:189)
	at org.springframework.test.context.web.ServletTestExecutionListener.prepareTestInstance(ServletTestExecutionListener.java:131)
	at org.springframework.test.context.TestContextManager.prepareTestInstance(TestContextManager.java:230)
	at org.springframework.test.context.junit4.SpringJUnit4ClassRunner.createTest(SpringJUnit4ClassRunner.java:228)
	at org.springframework.test.context.junit4.SpringJUnit4ClassRunner$1.runReflectiveCall(SpringJUnit4ClassRunner.java:287)
	at org.junit.internal.runners.model.ReflectiveCallable.run(ReflectiveCallable.java:12)
	at org.springframework.test.context.junit4.SpringJUnit4ClassRunner.methodBlock(SpringJUnit4ClassRunner.java:289)
	at org.springframework.test.context.junit4.SpringJUnit4ClassRunner.runChild(SpringJUnit4ClassRunner.java:247)
	at org.springframework.test.context.junit4.SpringJUnit4ClassRunner.runChild(SpringJUnit4ClassRunner.java:94)
	at org.junit.runners.ParentRunner$3.run(ParentRunner.java:290)
	at org.junit.runners.ParentRunner$1.schedule(ParentRunner.java:71)
	at org.junit.runners.ParentRunner.runChildren(ParentRunner.java:288)
	at org.junit.runners.ParentRunner.access$000(ParentRunner.java:58)
	at org.junit.runners.ParentRunner$2.evaluate(ParentRunner.java:268)
	at org.springframework.test.context.junit4.statements.RunBeforeTestClassCallbacks.evaluate(RunBeforeTestClassCallbacks.java:61)
	at org.springframework.test.context.junit4.statements.RunAfterTestClassCallbacks.evaluate(RunAfterTestClassCallbacks.java:70)
	at org.junit.runners.ParentRunner.run(ParentRunner.java:363)
	at org.springframework.test.context.junit4.SpringJUnit4ClassRunner.run(SpringJUnit4ClassRunner.java:191)
	at org.apache.maven.surefire.junit4.JUnit4Provider.execute(JUnit4Provider.java:283)
	at org.apache.maven.surefire.junit4.JUnit4Provider.executeWithRerun(JUnit4Provider.java:173)
	at org.apache.maven.surefire.junit4.JUnit4Provider.executeTestSet(JUnit4Provider.java:153)
	at org.apache.maven.surefire.junit4.JUnit4Provider.invoke(JUnit4Provider.java:128)
	at org.apache.maven.surefire.booter.ForkedBooter.invokeProviderInSameClassLoader(ForkedBooter.java:203)
	at org.apache.maven.surefire.booter.ForkedBooter.runSuitesInProcess(ForkedBooter.java:155)
	at org.apache.maven.surefire.booter.ForkedBooter.main(ForkedBooter.java:103)
</error>
    <system-out><![CDATA[10:11:42.077 [main] DEBUG org.springframework.test.context.junit4.SpringJUnit4ClassRunner - SpringJUnit4ClassRunner constructor called with [class com.ats.application.apm.ProfileManagementApplicationTests]
10:11:42.112 [main] DEBUG org.springframework.test.context.BootstrapUtils - Instantiating CacheAwareContextLoaderDelegate from class [org.springframework.test.context.cache.DefaultCacheAwareContextLoaderDelegate]
10:11:42.129 [main] DEBUG org.springframework.test.context.BootstrapUtils - Instantiating BootstrapContext using constructor [public org.springframework.test.context.support.DefaultBootstrapContext(java.lang.Class,org.springframework.test.context.CacheAwareContextLoaderDelegate)]
10:11:42.160 [main] DEBUG org.springframework.test.context.BootstrapUtils - Instantiating TestContextBootstrapper for test class [com.ats.application.apm.ProfileManagementApplicationTests] from class [org.springframework.boot.test.context.SpringBootTestContextBootstrapper]
10:11:42.187 [main] INFO org.springframework.boot.test.context.SpringBootTestContextBootstrapper - Neither @ContextConfiguration nor @ContextHierarchy found for test class [com.ats.application.apm.ProfileManagementApplicationTests], using SpringBootContextLoader
10:11:42.193 [main] DEBUG org.springframework.test.context.support.AbstractContextLoader - Did not detect default resource location for test class [com.ats.application.apm.ProfileManagementApplicationTests]: class path resource [com/ats/application/apm/ProfileManagementApplicationTests-context.xml] does not exist
10:11:42.193 [main] DEBUG org.springframework.test.context.support.AbstractContextLoader - Did not detect default resource location for test class [com.ats.application.apm.ProfileManagementApplicationTests]: class path resource [com/ats/application/apm/ProfileManagementApplicationTestsContext.groovy] does not exist
10:11:42.194 [main] INFO org.springframework.test.context.support.AbstractContextLoader - Could not detect default resource locations for test class [com.ats.application.apm.ProfileManagementApplicationTests]: no resource found for suffixes {-context.xml, Context.groovy}.
10:11:42.195 [main] INFO org.springframework.test.context.support.AnnotationConfigContextLoaderUtils - Could not detect default configuration classes for test class [com.ats.application.apm.ProfileManagementApplicationTests]: ProfileManagementApplicationTests does not declare any static, non-private, non-final, nested classes annotated with @Configuration.
10:11:42.261 [main] DEBUG org.springframework.test.context.support.ActiveProfilesUtils - Could not find an 'annotation declaring class' for annotation type [org.springframework.test.context.ActiveProfiles] and class [com.ats.application.apm.ProfileManagementApplicationTests]
10:11:42.276 [main] DEBUG org.springframework.core.env.StandardEnvironment - Adding PropertySource 'systemProperties' with lowest search precedence
10:11:42.277 [main] DEBUG org.springframework.core.env.StandardEnvironment - Adding PropertySource 'systemEnvironment' with lowest search precedence
10:11:42.278 [main] DEBUG org.springframework.core.env.StandardEnvironment - Initialized StandardEnvironment with PropertySources [MapPropertySource@603650290 {name='systemProperties', properties={java.runtime.name=Java(TM) SE Runtime Environment, sun.boot.library.path=C:\Program Files\Java\jdk1.8.0_121\jre\bin, java.vm.version=25.121-b13, java.vm.vendor=Oracle Corporation, java.vendor.url=http://java.oracle.com/, path.separator=;, java.vm.name=Java HotSpot(TM) 64-Bit Server VM, file.encoding.pkg=sun.io, user.country=US, user.script=, sun.java.launcher=SUN_STANDARD, sun.os.patch.level=, java.vm.specification.name=Java Virtual Machine Specification, user.dir=H:\Alphzeno\projects\workarea\ProfileManagement, java.runtime.version=1.8.0_121-b13, basedir=H:\Alphzeno\projects\workarea\ProfileManagement, java.awt.graphicsenv=sun.awt.Win32GraphicsEnvironment, java.endorsed.dirs=C:\Program Files\Java\jdk1.8.0_121\jre\lib\endorsed, os.arch=amd64, surefire.real.class.path=H:\Alphzeno\projects\workarea\ProfileManagement\target\surefire\surefirebooter7884322523029016217.jar, java.io.tmpdir=C:\Users\Admin\AppData\Local\Temp\, line.separator=
, java.vm.specification.vendor=Oracle Corporation, user.variant=, os.name=Windows 8.1, sun.jnu.encoding=Cp1252, java.library.path=C:\Program Files\Java\jdk1.8.0_121\jre\bin;C:\Windows\Sun\Java\bin;C:\Windows\system32;C:\Windows;C:/Program Files/Java/jre1.8.0_144/bin/server;C:/Program Files/Java/jre1.8.0_144/bin;C:/Program Files/Java/jre1.8.0_144/lib/amd64;C:\ProgramData\Oracle\Java\javapath;C:\Program Files\Python36\Scripts\;C:\Program Files\Python36\;C:\Program Files (x86)\IBM\WebSphere MQ\java\lib;C:\Program Files (x86)\IBM\WebSphere MQ\java\lib64;C:\instantclient_12_1;C:\instantclient_12_1\sdk;C:\oraclexe\app\oracle\product\10.2.0\server\bin;C:\Program Files (x86)\Intel\iCLS Client\;C:\Program Files\Intel\iCLS Client\;C:\Program Files\Dell\DW WLAN Card;C:\Windows\system32;C:\Windows;C:\Windows\System32\Wbem;C:\Windows\System32\WindowsPowerShell\v1.0\;c:\Program Files\WIDCOMM\Bluetooth Software\;c:\Program Files\WIDCOMM\Bluetooth Software\syswow64;C:\Program Files\Intel\Intel(R) Management Engine Components\DAL;C:\Program Files (x86)\Intel\Intel(R) Management Engine Components\DAL;C:\Program Files\Intel\Intel(R) Management Engine Components\IPT;C:\Program Files (x86)\Intel\Intel(R) Management Engine Components\IPT;C:\Program Files\Java\jdk1.8.0_121\bin;C:\Program Files (x86)\Microsoft SQL Server\110\Tools\Binn\;C:\Program Files\Microsoft SQL Server\110\Tools\Binn\;C:\Program Files\Microsoft SQL Server\110\DTS\Binn\;C:\Program Files\Microsoft SQL Server\Client SDK\ODBC\110\Tools\Binn\;C:\Program Files (x86)\Microsoft SQL Server\120\Tools\Binn\ManagementStudio\;C:\Program Files (x86)\Microsoft SQL Server\120\Tools\Binn\;C:\Program Files\Microsoft SQL Server\120\Tools\Binn\;C:\Program Files (x86)\Microsoft SQL Server\120\DTS\Binn\;C:\Program Files\Microsoft SQL Server\120\DTS\Binn\;C:\maven333\bin;C:\Program Files\TortoiseSVN\bin;C:\Program Files (x86)\Microsoft SQL Server Migration Assistant for Oracle\bin\;C:\Program Files (x86)\Windows Kits\8.1\Windows Performance Toolkit\;C:\MinGW\bin;C:\MinGW\msys\1.0\bin;C:\Program Files (x86)\IBM\WebSphere MQ\bin64;C:\Program Files (x86)\IBM\WebSphere MQ\bin;C:\Program Files (x86)\IBM\WebSphere MQ\tools\c\samples\bin;C:\Program Files\Git\cmd;C:\Program Files (x86)\Skype\Phone\;E:\node.bat;C:\Program Files\nodejs\;C:\Users\Admin\AppData\Local\atom\bin;C:\Program Files\Microsoft VS Code\bin;C:\Users\Admin\AppData\Roaming\npm;H:\Alphzeno\projects\ide\eclipse;;., surefire.test.class.path=H:\Alphzeno\projects\workarea\ProfileManagement\target\test-classes;H:\Alphzeno\projects\workarea\ProfileManagement\target\classes;H:\Alphzeno\projects\mvn\repos\org\springframework\boot\spring-boot-starter-data-jpa\1.5.13.RELEASE\spring-boot-starter-data-jpa-1.5.13.RELEASE.jar;H:\Alphzeno\projects\mvn\repos\org\springframework\boot\spring-boot-starter\1.5.13.RELEASE\spring-boot-starter-1.5.13.RELEASE.jar;H:\Alphzeno\projects\mvn\repos\org\springframework\boot\spring-boot\1.5.13.RELEASE\spring-boot-1.5.13.RELEASE.jar;H:\Alphzeno\projects\mvn\repos\org\springframework\boot\spring-boot-autoconfigure\1.5.13.RELEASE\spring-boot-autoconfigure-1.5.13.RELEASE.jar;H:\Alphzeno\projects\mvn\repos\org\springframework\boot\spring-boot-starter-logging\1.5.13.RELEASE\spring-boot-starter-logging-1.5.13.RELEASE.jar;H:\Alphzeno\projects\mvn\repos\ch\qos\logback\logback-classic\1.1.11\logback-classic-1.1.11.jar;H:\Alphzeno\projects\mvn\repos\ch\qos\logback\logback-core\1.1.11\logback-core-1.1.11.jar;H:\Alphzeno\projects\mvn\repos\org\slf4j\jul-to-slf4j\1.7.25\jul-to-slf4j-1.7.25.jar;H:\Alphzeno\projects\mvn\repos\org\slf4j\log4j-over-slf4j\1.7.25\log4j-over-slf4j-1.7.25.jar;H:\Alphzeno\projects\mvn\repos\org\yaml\snakeyaml\1.17\snakeyaml-1.17.jar;H:\Alphzeno\projects\mvn\repos\org\springframework\boot\spring-boot-starter-aop\1.5.13.RELEASE\spring-boot-starter-aop-1.5.13.RELEASE.jar;H:\Alphzeno\projects\mvn\repos\org\springframework\spring-aop\4.3.17.RELEASE\spring-aop-4.3.17.RELEASE.jar;H:\Alphzeno\projects\mvn\repos\org\aspectj\aspectjweaver\1.8.13\aspectjweaver-1.8.13.jar;H:\Alphzeno\projects\mvn\repos\org\springframework\boot\spring-boot-starter-jdbc\1.5.13.RELEASE\spring-boot-starter-jdbc-1.5.13.RELEASE.jar;H:\Alphzeno\projects\mvn\repos\org\apache\tomcat\tomcat-jdbc\8.5.31\tomcat-jdbc-8.5.31.jar;H:\Alphzeno\projects\mvn\repos\org\apache\tomcat\tomcat-juli\8.5.31\tomcat-juli-8.5.31.jar;H:\Alphzeno\projects\mvn\repos\org\springframework\spring-jdbc\4.3.17.RELEASE\spring-jdbc-4.3.17.RELEASE.jar;H:\Alphzeno\projects\mvn\repos\org\hibernate\hibernate-core\5.0.12.Final\hibernate-core-5.0.12.Final.jar;H:\Alphzeno\projects\mvn\repos\org\jboss\logging\jboss-logging\3.3.2.Final\jboss-logging-3.3.2.Final.jar;H:\Alphzeno\projects\mvn\repos\org\hibernate\javax\persistence\hibernate-jpa-2.1-api\1.0.0.Final\hibernate-jpa-2.1-api-1.0.0.Final.jar;H:\Alphzeno\projects\mvn\repos\org\javassist\javassist\3.21.0-GA\javassist-3.21.0-GA.jar;H:\Alphzeno\projects\mvn\repos\antlr\antlr\2.7.7\antlr-2.7.7.jar;H:\Alphzeno\projects\mvn\repos\org\jboss\jandex\2.0.0.Final\jandex-2.0.0.Final.jar;H:\Alphzeno\projects\mvn\repos\dom4j\dom4j\1.6.1\dom4j-1.6.1.jar;H:\Alphzeno\projects\mvn\repos\org\hibernate\common\hibernate-commons-annotations\5.0.1.Final\hibernate-commons-annotations-5.0.1.Final.jar;H:\Alphzeno\projects\mvn\repos\org\hibernate\hibernate-entitymanager\5.0.12.Final\hibernate-entitymanager-5.0.12.Final.jar;H:\Alphzeno\projects\mvn\repos\javax\transaction\javax.transaction-api\1.2\javax.transaction-api-1.2.jar;H:\Alphzeno\projects\mvn\repos\org\springframework\data\spring-data-jpa\1.11.12.RELEASE\spring-data-jpa-1.11.12.RELEASE.jar;H:\Alphzeno\projects\mvn\repos\org\springframework\data\spring-data-commons\1.13.12.RELEASE\spring-data-commons-1.13.12.RELEASE.jar;H:\Alphzeno\projects\mvn\repos\org\springframework\spring-orm\4.3.17.RELEASE\spring-orm-4.3.17.RELEASE.jar;H:\Alphzeno\projects\mvn\repos\org\springframework\spring-context\4.3.17.RELEASE\spring-context-4.3.17.RELEASE.jar;H:\Alphzeno\projects\mvn\repos\org\springframework\spring-tx\4.3.17.RELEASE\spring-tx-4.3.17.RELEASE.jar;H:\Alphzeno\projects\mvn\repos\org\springframework\spring-beans\4.3.17.RELEASE\spring-beans-4.3.17.RELEASE.jar;H:\Alphzeno\projects\mvn\repos\org\slf4j\slf4j-api\1.7.25\slf4j-api-1.7.25.jar;H:\Alphzeno\projects\mvn\repos\org\slf4j\jcl-over-slf4j\1.7.25\jcl-over-slf4j-1.7.25.jar;H:\Alphzeno\projects\mvn\repos\org\springframework\spring-aspects\4.3.17.RELEASE\spring-aspects-4.3.17.RELEASE.jar;H:\Alphzeno\projects\mvn\repos\org\springframework\boot\spring-boot-starter-web\1.5.13.RELEASE\spring-boot-starter-web-1.5.13.RELEASE.jar;H:\Alphzeno\projects\mvn\repos\org\hibernate\hibernate-validator\5.3.6.Final\hibernate-validator-5.3.6.Final.jar;H:\Alphzeno\projects\mvn\repos\javax\validation\validation-api\1.1.0.Final\validation-api-1.1.0.Final.jar;H:\Alphzeno\projects\mvn\repos\com\fasterxml\classmate\1.3.4\classmate-1.3.4.jar;H:\Alphzeno\projects\mvn\repos\com\fasterxml\jackson\core\jackson-databind\2.8.11.1\jackson-databind-2.8.11.1.jar;H:\Alphzeno\projects\mvn\repos\com\fasterxml\jackson\core\jackson-annotations\2.8.0\jackson-annotations-2.8.0.jar;H:\Alphzeno\projects\mvn\repos\com\fasterxml\jackson\core\jackson-core\2.8.11\jackson-core-2.8.11.jar;H:\Alphzeno\projects\mvn\repos\org\springframework\spring-web\4.3.17.RELEASE\spring-web-4.3.17.RELEASE.jar;H:\Alphzeno\projects\mvn\repos\org\springframework\spring-webmvc\4.3.17.RELEASE\spring-webmvc-4.3.17.RELEASE.jar;H:\Alphzeno\projects\mvn\repos\org\springframework\spring-expression\4.3.17.RELEASE\spring-expression-4.3.17.RELEASE.jar;H:\Alphzeno\projects\mvn\repos\org\springframework\boot\spring-boot-starter-actuator\1.5.13.RELEASE\spring-boot-starter-actuator-1.5.13.RELEASE.jar;H:\Alphzeno\projects\mvn\repos\org\springframework\boot\spring-boot-actuator\1.5.13.RELEASE\spring-boot-actuator-1.5.13.RELEASE.jar;H:\Alphzeno\projects\mvn\repos\com\oracle\ojdbc7\12.1.0\ojdbc7-12.1.0.jar;H:\Alphzeno\projects\mvn\repos\org\springframework\boot\spring-boot-starter-test\1.5.13.RELEASE\spring-boot-starter-test-1.5.13.RELEASE.jar;H:\Alphzeno\projects\mvn\repos\org\springframework\boot\spring-boot-test\1.5.13.RELEASE\spring-boot-test-1.5.13.RELEASE.jar;H:\Alphzeno\projects\mvn\repos\org\springframework\boot\spring-boot-test-autoconfigure\1.5.13.RELEASE\spring-boot-test-autoconfigure-1.5.13.RELEASE.jar;H:\Alphzeno\projects\mvn\repos\com\jayway\jsonpath\json-path\2.2.0\json-path-2.2.0.jar;H:\Alphzeno\projects\mvn\repos\net\minidev\json-smart\2.2.1\json-smart-2.2.1.jar;H:\Alphzeno\projects\mvn\repos\net\minidev\accessors-smart\1.1\accessors-smart-1.1.jar;H:\Alphzeno\projects\mvn\repos\org\ow2\asm\asm\5.0.3\asm-5.0.3.jar;H:\Alphzeno\projects\mvn\repos\junit\junit\4.12\junit-4.12.jar;H:\Alphzeno\projects\mvn\repos\org\assertj\assertj-core\2.6.0\assertj-core-2.6.0.jar;H:\Alphzeno\projects\mvn\repos\org\mockito\mockito-core\1.10.19\mockito-core-1.10.19.jar;H:\Alphzeno\projects\mvn\repos\org\objenesis\objenesis\2.1\objenesis-2.1.jar;H:\Alphzeno\projects\mvn\repos\org\hamcrest\hamcrest-core\1.3\hamcrest-core-1.3.jar;H:\Alphzeno\projects\mvn\repos\org\hamcrest\hamcrest-library\1.3\hamcrest-library-1.3.jar;H:\Alphzeno\projects\mvn\repos\org\skyscreamer\jsonassert\1.4.0\jsonassert-1.4.0.jar;H:\Alphzeno\projects\mvn\repos\com\vaadin\external\google\android-json\0.0.20131108.vaadin1\android-json-0.0.20131108.vaadin1.jar;H:\Alphzeno\projects\mvn\repos\org\springframework\spring-core\4.3.17.RELEASE\spring-core-4.3.17.RELEASE.jar;H:\Alphzeno\projects\mvn\repos\org\springframework\spring-test\4.3.17.RELEASE\spring-test-4.3.17.RELEASE.jar;H:\Alphzeno\projects\mvn\repos\javax\servlet\servlet-api\2.5\servlet-api-2.5.jar;, java.specification.name=Java Platform API Specification, java.class.version=52.0, sun.management.compiler=HotSpot 64-Bit Tiered Compilers, os.version=6.3, user.home=C:\Users\Admin, user.timezone=Asia/Riyadh, java.awt.printerjob=sun.awt.windows.WPrinterJob, file.encoding=Cp1252, java.specification.version=1.8, java.class.path=H:\Alphzeno\projects\workarea\ProfileManagement\target\test-classes;H:\Alphzeno\projects\workarea\ProfileManagement\target\classes;H:\Alphzeno\projects\mvn\repos\org\springframework\boot\spring-boot-starter-data-jpa\1.5.13.RELEASE\spring-boot-starter-data-jpa-1.5.13.RELEASE.jar;H:\Alphzeno\projects\mvn\repos\org\springframework\boot\spring-boot-starter\1.5.13.RELEASE\spring-boot-starter-1.5.13.RELEASE.jar;H:\Alphzeno\projects\mvn\repos\org\springframework\boot\spring-boot\1.5.13.RELEASE\spring-boot-1.5.13.RELEASE.jar;H:\Alphzeno\projects\mvn\repos\org\springframework\boot\spring-boot-autoconfigure\1.5.13.RELEASE\spring-boot-autoconfigure-1.5.13.RELEASE.jar;H:\Alphzeno\projects\mvn\repos\org\springframework\boot\spring-boot-starter-logging\1.5.13.RELEASE\spring-boot-starter-logging-1.5.13.RELEASE.jar;H:\Alphzeno\projects\mvn\repos\ch\qos\logback\logback-classic\1.1.11\logback-classic-1.1.11.jar;H:\Alphzeno\projects\mvn\repos\ch\qos\logback\logback-core\1.1.11\logback-core-1.1.11.jar;H:\Alphzeno\projects\mvn\repos\org\slf4j\jul-to-slf4j\1.7.25\jul-to-slf4j-1.7.25.jar;H:\Alphzeno\projects\mvn\repos\org\slf4j\log4j-over-slf4j\1.7.25\log4j-over-slf4j-1.7.25.jar;H:\Alphzeno\projects\mvn\repos\org\yaml\snakeyaml\1.17\snakeyaml-1.17.jar;H:\Alphzeno\projects\mvn\repos\org\springframework\boot\spring-boot-starter-aop\1.5.13.RELEASE\spring-boot-starter-aop-1.5.13.RELEASE.jar;H:\Alphzeno\projects\mvn\repos\org\springframework\spring-aop\4.3.17.RELEASE\spring-aop-4.3.17.RELEASE.jar;H:\Alphzeno\projects\mvn\repos\org\aspectj\aspectjweaver\1.8.13\aspectjweaver-1.8.13.jar;H:\Alphzeno\projects\mvn\repos\org\springframework\boot\spring-boot-starter-jdbc\1.5.13.RELEASE\spring-boot-starter-jdbc-1.5.13.RELEASE.jar;H:\Alphzeno\projects\mvn\repos\org\apache\tomcat\tomcat-jdbc\8.5.31\tomcat-jdbc-8.5.31.jar;H:\Alphzeno\projects\mvn\repos\org\apache\tomcat\tomcat-juli\8.5.31\tomcat-juli-8.5.31.jar;H:\Alphzeno\projects\mvn\repos\org\springframework\spring-jdbc\4.3.17.RELEASE\spring-jdbc-4.3.17.RELEASE.jar;H:\Alphzeno\projects\mvn\repos\org\hibernate\hibernate-core\5.0.12.Final\hibernate-core-5.0.12.Final.jar;H:\Alphzeno\projects\mvn\repos\org\jboss\logging\jboss-logging\3.3.2.Final\jboss-logging-3.3.2.Final.jar;H:\Alphzeno\projects\mvn\repos\org\hibernate\javax\persistence\hibernate-jpa-2.1-api\1.0.0.Final\hibernate-jpa-2.1-api-1.0.0.Final.jar;H:\Alphzeno\projects\mvn\repos\org\javassist\javassist\3.21.0-GA\javassist-3.21.0-GA.jar;H:\Alphzeno\projects\mvn\repos\antlr\antlr\2.7.7\antlr-2.7.7.jar;H:\Alphzeno\projects\mvn\repos\org\jboss\jandex\2.0.0.Final\jandex-2.0.0.Final.jar;H:\Alphzeno\projects\mvn\repos\dom4j\dom4j\1.6.1\dom4j-1.6.1.jar;H:\Alphzeno\projects\mvn\repos\org\hibernate\common\hibernate-commons-annotations\5.0.1.Final\hibernate-commons-annotations-5.0.1.Final.jar;H:\Alphzeno\projects\mvn\repos\org\hibernate\hibernate-entitymanager\5.0.12.Final\hibernate-entitymanager-5.0.12.Final.jar;H:\Alphzeno\projects\mvn\repos\javax\transaction\javax.transaction-api\1.2\javax.transaction-api-1.2.jar;H:\Alphzeno\projects\mvn\repos\org\springframework\data\spring-data-jpa\1.11.12.RELEASE\spring-data-jpa-1.11.12.RELEASE.jar;H:\Alphzeno\projects\mvn\repos\org\springframework\data\spring-data-commons\1.13.12.RELEASE\spring-data-commons-1.13.12.RELEASE.jar;H:\Alphzeno\projects\mvn\repos\org\springframework\spring-orm\4.3.17.RELEASE\spring-orm-4.3.17.RELEASE.jar;H:\Alphzeno\projects\mvn\repos\org\springframework\spring-context\4.3.17.RELEASE\spring-context-4.3.17.RELEASE.jar;H:\Alphzeno\projects\mvn\repos\org\springframework\spring-tx\4.3.17.RELEASE\spring-tx-4.3.17.RELEASE.jar;H:\Alphzeno\projects\mvn\repos\org\springframework\spring-beans\4.3.17.RELEASE\spring-beans-4.3.17.RELEASE.jar;H:\Alphzeno\projects\mvn\repos\org\slf4j\slf4j-api\1.7.25\slf4j-api-1.7.25.jar;H:\Alphzeno\projects\mvn\repos\org\slf4j\jcl-over-slf4j\1.7.25\jcl-over-slf4j-1.7.25.jar;H:\Alphzeno\projects\mvn\repos\org\springframework\spring-aspects\4.3.17.RELEASE\spring-aspects-4.3.17.RELEASE.jar;H:\Alphzeno\projects\mvn\repos\org\springframework\boot\spring-boot-starter-web\1.5.13.RELEASE\spring-boot-starter-web-1.5.13.RELEASE.jar;H:\Alphzeno\projects\mvn\repos\org\hibernate\hibernate-validator\5.3.6.Final\hibernate-validator-5.3.6.Final.jar;H:\Alphzeno\projects\mvn\repos\javax\validation\validation-api\1.1.0.Final\validation-api-1.1.0.Final.jar;H:\Alphzeno\projects\mvn\repos\com\fasterxml\classmate\1.3.4\classmate-1.3.4.jar;H:\Alphzeno\projects\mvn\repos\com\fasterxml\jackson\core\jackson-databind\2.8.11.1\jackson-databind-2.8.11.1.jar;H:\Alphzeno\projects\mvn\repos\com\fasterxml\jackson\core\jackson-annotations\2.8.0\jackson-annotations-2.8.0.jar;H:\Alphzeno\projects\mvn\repos\com\fasterxml\jackson\core\jackson-core\2.8.11\jackson-core-2.8.11.jar;H:\Alphzeno\projects\mvn\repos\org\springframework\spring-web\4.3.17.RELEASE\spring-web-4.3.17.RELEASE.jar;H:\Alphzeno\projects\mvn\repos\org\springframework\spring-webmvc\4.3.17.RELEASE\spring-webmvc-4.3.17.RELEASE.jar;H:\Alphzeno\projects\mvn\repos\org\springframework\spring-expression\4.3.17.RELEASE\spring-expression-4.3.17.RELEASE.jar;H:\Alphzeno\projects\mvn\repos\org\springframework\boot\spring-boot-starter-actuator\1.5.13.RELEASE\spring-boot-starter-actuator-1.5.13.RELEASE.jar;H:\Alphzeno\projects\mvn\repos\org\springframework\boot\spring-boot-actuator\1.5.13.RELEASE\spring-boot-actuator-1.5.13.RELEASE.jar;H:\Alphzeno\projects\mvn\repos\com\oracle\ojdbc7\12.1.0\ojdbc7-12.1.0.jar;H:\Alphzeno\projects\mvn\repos\org\springframework\boot\spring-boot-starter-test\1.5.13.RELEASE\spring-boot-starter-test-1.5.13.RELEASE.jar;H:\Alphzeno\projects\mvn\repos\org\springframework\boot\spring-boot-test\1.5.13.RELEASE\spring-boot-test-1.5.13.RELEASE.jar;H:\Alphzeno\projects\mvn\repos\org\springframework\boot\spring-boot-test-autoconfigure\1.5.13.RELEASE\spring-boot-test-autoconfigure-1.5.13.RELEASE.jar;H:\Alphzeno\projects\mvn\repos\com\jayway\jsonpath\json-path\2.2.0\json-path-2.2.0.jar;H:\Alphzeno\projects\mvn\repos\net\minidev\json-smart\2.2.1\json-smart-2.2.1.jar;H:\Alphzeno\projects\mvn\repos\net\minidev\accessors-smart\1.1\accessors-smart-1.1.jar;H:\Alphzeno\projects\mvn\repos\org\ow2\asm\asm\5.0.3\asm-5.0.3.jar;H:\Alphzeno\projects\mvn\repos\junit\junit\4.12\junit-4.12.jar;H:\Alphzeno\projects\mvn\repos\org\assertj\assertj-core\2.6.0\assertj-core-2.6.0.jar;H:\Alphzeno\projects\mvn\repos\org\mockito\mockito-core\1.10.19\mockito-core-1.10.19.jar;H:\Alphzeno\projects\mvn\repos\org\objenesis\objenesis\2.1\objenesis-2.1.jar;H:\Alphzeno\projects\mvn\repos\org\hamcrest\hamcrest-core\1.3\hamcrest-core-1.3.jar;H:\Alphzeno\projects\mvn\repos\org\hamcrest\hamcrest-library\1.3\hamcrest-library-1.3.jar;H:\Alphzeno\projects\mvn\repos\org\skyscreamer\jsonassert\1.4.0\jsonassert-1.4.0.jar;H:\Alphzeno\projects\mvn\repos\com\vaadin\external\google\android-json\0.0.20131108.vaadin1\android-json-0.0.20131108.vaadin1.jar;H:\Alphzeno\projects\mvn\repos\org\springframework\spring-core\4.3.17.RELEASE\spring-core-4.3.17.RELEASE.jar;H:\Alphzeno\projects\mvn\repos\org\springframework\spring-test\4.3.17.RELEASE\spring-test-4.3.17.RELEASE.jar;H:\Alphzeno\projects\mvn\repos\javax\servlet\servlet-api\2.5\servlet-api-2.5.jar;, user.name=Admin, java.vm.specification.version=1.8, sun.java.command=H:\Alphzeno\projects\workarea\ProfileManagement\target\surefire\surefirebooter7884322523029016217.jar H:\Alphzeno\projects\workarea\ProfileManagement\target\surefire\surefire4557367806441789146tmp H:\Alphzeno\projects\workarea\ProfileManagement\target\surefire\surefire_05141724944381504405tmp, java.home=C:\Program Files\Java\jdk1.8.0_121\jre, sun.arch.data.model=64, user.language=en, java.specification.vendor=Oracle Corporation, awt.toolkit=sun.awt.windows.WToolkit, java.vm.info=mixed mode, java.version=1.8.0_121, java.ext.dirs=C:\Program Files\Java\jdk1.8.0_121\jre\lib\ext;C:\Windows\Sun\Java\lib\ext, sun.boot.class.path=C:\Program Files\Java\jdk1.8.0_121\jre\lib\resources.jar;C:\Program Files\Java\jdk1.8.0_121\jre\lib\rt.jar;C:\Program Files\Java\jdk1.8.0_121\jre\lib\sunrsasign.jar;C:\Program Files\Java\jdk1.8.0_121\jre\lib\jsse.jar;C:\Program Files\Java\jdk1.8.0_121\jre\lib\jce.jar;C:\Program Files\Java\jdk1.8.0_121\jre\lib\charsets.jar;C:\Program Files\Java\jdk1.8.0_121\jre\lib\jfr.jar;C:\Program Files\Java\jdk1.8.0_121\jre\classes, java.vendor=Oracle Corporation, localRepository=H:\Alphzeno\projects\mvn\repos, file.separator=\, java.vendor.url.bug=http://bugreport.sun.com/bugreport/, sun.io.unicode.encoding=UnicodeLittle, sun.cpu.endian=little, sun.desktop=windows, sun.cpu.isalist=amd64}}, SystemEnvironmentPropertySource@762227630 {name='systemEnvironment', properties={PATH=C:/Program Files/Java/jre1.8.0_144/bin/server;C:/Program Files/Java/jre1.8.0_144/bin;C:/Program Files/Java/jre1.8.0_144/lib/amd64;C:\ProgramData\Oracle\Java\javapath;C:\Program Files\Python36\Scripts\;C:\Program Files\Python36\;C:\Program Files (x86)\IBM\WebSphere MQ\java\lib;C:\Program Files (x86)\IBM\WebSphere MQ\java\lib64;C:\instantclient_12_1;C:\instantclient_12_1\sdk;C:\oraclexe\app\oracle\product\10.2.0\server\bin;C:\Program Files (x86)\Intel\iCLS Client\;C:\Program Files\Intel\iCLS Client\;C:\Program Files\Dell\DW WLAN Card;C:\Windows\system32;C:\Windows;C:\Windows\System32\Wbem;C:\Windows\System32\WindowsPowerShell\v1.0\;c:\Program Files\WIDCOMM\Bluetooth Software\;c:\Program Files\WIDCOMM\Bluetooth Software\syswow64;C:\Program Files\Intel\Intel(R) Management Engine Components\DAL;C:\Program Files (x86)\Intel\Intel(R) Management Engine Components\DAL;C:\Program Files\Intel\Intel(R) Management Engine Components\IPT;C:\Program Files (x86)\Intel\Intel(R) Management Engine Components\IPT;C:\Program Files\Java\jdk1.8.0_121\bin;C:\Program Files (x86)\Microsoft SQL Server\110\Tools\Binn\;C:\Program Files\Microsoft SQL Server\110\Tools\Binn\;C:\Program Files\Microsoft SQL Server\110\DTS\Binn\;C:\Program Files\Microsoft SQL Server\Client SDK\ODBC\110\Tools\Binn\;C:\Program Files (x86)\Microsoft SQL Server\120\Tools\Binn\ManagementStudio\;C:\Program Files (x86)\Microsoft SQL Server\120\Tools\Binn\;C:\Program Files\Microsoft SQL Server\120\Tools\Binn\;C:\Program Files (x86)\Microsoft SQL Server\120\DTS\Binn\;C:\Program Files\Microsoft SQL Server\120\DTS\Binn\;C:\maven333\bin;C:\Program Files\TortoiseSVN\bin;C:\Program Files (x86)\Microsoft SQL Server Migration Assistant for Oracle\bin\;C:\Program Files (x86)\Windows Kits\8.1\Windows Performance Toolkit\;C:\MinGW\bin;C:\MinGW\msys\1.0\bin;C:\Program Files (x86)\IBM\WebSphere MQ\bin64;C:\Program Files (x86)\IBM\WebSphere MQ\bin;C:\Program Files (x86)\IBM\WebSphere MQ\tools\c\samples\bin;C:\Program Files\Git\cmd;C:\Program Files (x86)\Skype\Phone\;E:\node.bat;C:\Program Files\nodejs\;C:\Users\Admin\AppData\Local\atom\bin;C:\Program Files\Microsoft VS Code\bin;C:\Users\Admin\AppData\Roaming\npm;H:\Alphzeno\projects\ide\eclipse;, USERDOMAIN_ROAMINGPROFILE=PC4, MQ_JRE_PATH=C:\Program Files (x86)\IBM\WebSphere MQ\java\jre, PROCESSOR_LEVEL=6, SYSTEMDRIVE=C:, MQ_JAVA_DATA_PATH=C:\Program Files (x86)\IBM\WebSphere MQ, FP_NO_HOST_CHECK=NO, SESSIONNAME=Console, ALLUSERSPROFILE=C:\ProgramData, PROCESSOR_ARCHITECTURE=AMD64, TNS_ADMIN=C:\instantclient_12_1, PROGRAMFILES=C:\Program Files, MQ_JAVA_LIB_PATH=C:\Program Files (x86)\IBM\WebSphere MQ\java\lib64;C:\Program Files (x86)\IBM\WebSphere MQ\java\lib, PSMODULEPATH=C:\Windows\system32\WindowsPowerShell\v1.0\Modules\;C:\Program Files (x86)\Microsoft SQL Server\110\Tools\PowerShell\Modules\;C:\Program Files (x86)\Microsoft SQL Server\120\Tools\PowerShell\Modules\, PROGRAMDATA=C:\ProgramData, USERNAME=Admin, INCLUDE=C:\Program Files (x86)\IBM\WebSphere MQ\tools\c\include;C:\Program Files (x86)\IBM\WebSphere MQ\tools\cplus\include, PATHEXT=.COM;.EXE;.BAT;.CMD;.VBS;.VBE;.JS;.JSE;.WSF;.WSH;.MSC;.PY;.PYW, WINDIR=C:\Windows, HOMEPATH=\Users\Admin, PROCESSOR_IDENTIFIER=Intel64 Family 6 Model 61 Stepping 4, GenuineIntel, M2_HOME=C:\maven333, MQ_JAVA_INSTALL_PATH=C:\Program Files (x86)\IBM\WebSphere MQ\java, PUBLIC=C:\Users\Public, =::=::\, OPENSSL_CONF=E:\openssl\OpenSSL-Win64\bin\openssl.cfg, LOCALAPPDATA=C:\Users\Admin\AppData\Local, COMMONPROGRAMFILES(X86)=C:\Program Files (x86)\Common Files, SSMA_O2SS_EP_HOME=C:\Microsoft SQL Server Migration Assistant for Oracle Extension Pack\, USERDOMAIN=PC4, LOGONSERVER=\\PC4, JAVA_HOME=C:\Program Files\Java\jdk1.8.0_121, PROMPT=$P$G, PROGRAMFILES(X86)=C:\Program Files (x86), =C:=C:\, APPDATA=C:\Users\Admin\AppData\Roaming, PROGRAMW6432=C:\Program Files, SYSTEMROOT=C:\Windows, MQ_FILE_PATH=C:\Program Files (x86)\IBM\WebSphere MQ, VBOX_MSI_INSTALL_PATH=C:\Program Files\Oracle\VirtualBox\, LIB=C:\Program Files (x86)\IBM\WebSphere MQ\tools\lib64;C:\Program Files (x86)\IBM\WebSphere MQ\tools\lib, OS=Windows_NT, COMMONPROGRAMW6432=C:\Program Files\Common Files, COMPUTERNAME=PC4, COMMONPROGRAMFILES=C:\Program Files\Common Files, COMSPEC=C:\Windows\system32\cmd.exe, VS90COMNTOOLS=C:\Program Files (x86)\Microsoft Visual Studio 9.0\Common7\Tools\, PROCESSOR_REVISION=3d04, =H:=H:\Alphzeno\projects\workarea\ProfileManagement, TEMP=C:\Users\Admin\AppData\Local\Temp, HOMEDRIVE=C:, USERPROFILE=C:\Users\Admin, TMP=C:\Users\Admin\AppData\Local\Temp, NUMBER_OF_PROCESSORS=4}}]
10:11:42.307 [main] DEBUG org.springframework.core.io.support.PathMatchingResourcePatternResolver - Resolved classpath location [com/ats/application/apm/] to resources [URL [file:/H:/Alphzeno/projects/workarea/ProfileManagement/target/test-classes/com/ats/application/apm/], URL [file:/H:/Alphzeno/projects/workarea/ProfileManagement/target/classes/com/ats/application/apm/]]
10:11:42.307 [main] DEBUG org.springframework.core.io.support.PathMatchingResourcePatternResolver - Looking for matching resources in directory tree [H:\Alphzeno\projects\workarea\ProfileManagement\target\test-classes\com\ats\application\apm]
10:11:42.308 [main] DEBUG org.springframework.core.io.support.PathMatchingResourcePatternResolver - Searching directory [H:\Alphzeno\projects\workarea\ProfileManagement\target\test-classes\com\ats\application\apm] for files matching pattern [H:/Alphzeno/projects/workarea/ProfileManagement/target/test-classes/com/ats/application/apm/*.class]
10:11:42.315 [main] DEBUG org.springframework.core.io.support.PathMatchingResourcePatternResolver - Looking for matching resources in directory tree [H:\Alphzeno\projects\workarea\ProfileManagement\target\classes\com\ats\application\apm]
10:11:42.315 [main] DEBUG org.springframework.core.io.support.PathMatchingResourcePatternResolver - Searching directory [H:\Alphzeno\projects\workarea\ProfileManagement\target\classes\com\ats\application\apm] for files matching pattern [H:/Alphzeno/projects/workarea/ProfileManagement/target/classes/com/ats/application/apm/*.class]
10:11:42.316 [main] DEBUG org.springframework.core.io.support.PathMatchingResourcePatternResolver - Resolved location pattern [classpath*:com/ats/application/apm/*.class] to resources [file [H:\Alphzeno\projects\workarea\ProfileManagement\target\test-classes\com\ats\application\apm\ProfileManagementApplicationTests.class], file [H:\Alphzeno\projects\workarea\ProfileManagement\target\classes\com\ats\application\apm\ProfileManagementApplication.class]]
10:11:42.440 [main] DEBUG org.springframework.context.annotation.ClassPathScanningCandidateComponentProvider - Identified candidate component class: file [H:\Alphzeno\projects\workarea\ProfileManagement\target\classes\com\ats\application\apm\ProfileManagementApplication.class]
10:11:42.447 [main] INFO org.springframework.boot.test.context.SpringBootTestContextBootstrapper - Found @SpringBootConfiguration com.ats.application.apm.ProfileManagementApplication for test class com.ats.application.apm.ProfileManagementApplicationTests
10:11:42.469 [main] DEBUG org.springframework.boot.test.context.SpringBootTestContextBootstrapper - @TestExecutionListeners is not present for class [com.ats.application.apm.ProfileManagementApplicationTests]: using defaults.
10:11:42.484 [main] INFO org.springframework.boot.test.context.SpringBootTestContextBootstrapper - Loaded default TestExecutionListener class names from location [META-INF/spring.factories]: [org.springframework.boot.test.mock.mockito.MockitoTestExecutionListener, org.springframework.boot.test.mock.mockito.ResetMocksTestExecutionListener, org.springframework.boot.test.autoconfigure.restdocs.RestDocsTestExecutionListener, org.springframework.boot.test.autoconfigure.web.client.MockRestServiceServerResetTestExecutionListener, org.springframework.boot.test.autoconfigure.web.servlet.MockMvcPrintOnlyOnFailureTestExecutionListener, org.springframework.boot.test.autoconfigure.web.servlet.WebDriverTestExecutionListener, org.springframework.test.context.web.ServletTestExecutionListener, org.springframework.test.context.support.DirtiesContextBeforeModesTestExecutionListener, org.springframework.test.context.support.DependencyInjectionTestExecutionListener, org.springframework.test.context.support.DirtiesContextTestExecutionListener, org.springframework.test.context.transaction.TransactionalTestExecutionListener, org.springframework.test.context.jdbc.SqlScriptsTestExecutionListener]
10:11:42.560 [main] INFO org.springframework.boot.test.context.SpringBootTestContextBootstrapper - Using TestExecutionListeners: [org.springframework.test.context.web.ServletTestExecutionListener@4df828d7, org.springframework.test.context.support.DirtiesContextBeforeModesTestExecutionListener@b59d31, org.springframework.boot.test.mock.mockito.MockitoTestExecutionListener@62fdb4a6, org.springframework.boot.test.autoconfigure.SpringBootDependencyInjectionTestExecutionListener@11e21d0e, org.springframework.test.context.support.DirtiesContextTestExecutionListener@1dd02175, org.springframework.test.context.transaction.TransactionalTestExecutionListener@31206beb, org.springframework.test.context.jdbc.SqlScriptsTestExecutionListener@3e77a1ed, org.springframework.boot.test.mock.mockito.ResetMocksTestExecutionListener@3ffcd140, org.springframework.boot.test.autoconfigure.restdocs.RestDocsTestExecutionListener@23bb8443, org.springframework.boot.test.autoconfigure.web.client.MockRestServiceServerResetTestExecutionListener@1176dcec, org.springframework.boot.test.autoconfigure.web.servlet.MockMvcPrintOnlyOnFailureTestExecutionListener@120d6fe6, org.springframework.boot.test.autoconfigure.web.servlet.WebDriverTestExecutionListener@4ba2ca36]
10:11:42.566 [main] DEBUG org.springframework.test.annotation.ProfileValueUtils - Retrieved @ProfileValueSourceConfiguration [null] for test class [com.ats.application.apm.ProfileManagementApplicationTests]
10:11:42.567 [main] DEBUG org.springframework.test.annotation.ProfileValueUtils - Retrieved ProfileValueSource type [class org.springframework.test.annotation.SystemProfileValueSource] for class [com.ats.application.apm.ProfileManagementApplicationTests]
10:11:42.571 [main] DEBUG org.springframework.test.context.junit4.SpringJUnit4ClassRunner - SpringJUnit4ClassRunner constructor called with [class com.ats.application.apm.ProfileManagementApplicationTests]
10:11:42.572 [main] DEBUG org.springframework.test.context.BootstrapUtils - Instantiating CacheAwareContextLoaderDelegate from class [org.springframework.test.context.cache.DefaultCacheAwareContextLoaderDelegate]
10:11:42.572 [main] DEBUG org.springframework.test.context.BootstrapUtils - Instantiating BootstrapContext using constructor [public org.springframework.test.context.support.DefaultBootstrapContext(java.lang.Class,org.springframework.test.context.CacheAwareContextLoaderDelegate)]
10:11:42.573 [main] DEBUG org.springframework.test.context.BootstrapUtils - Instantiating TestContextBootstrapper for test class [com.ats.application.apm.ProfileManagementApplicationTests] from class [org.springframework.boot.test.context.SpringBootTestContextBootstrapper]
10:11:42.574 [main] INFO org.springframework.boot.test.context.SpringBootTestContextBootstrapper - Neither @ContextConfiguration nor @ContextHierarchy found for test class [com.ats.application.apm.ProfileManagementApplicationTests], using SpringBootContextLoader
10:11:42.575 [main] DEBUG org.springframework.test.context.support.AbstractContextLoader - Did not detect default resource location for test class [com.ats.application.apm.ProfileManagementApplicationTests]: class path resource [com/ats/application/apm/ProfileManagementApplicationTests-context.xml] does not exist
10:11:42.576 [main] DEBUG org.springframework.test.context.support.AbstractContextLoader - Did not detect default resource location for test class [com.ats.application.apm.ProfileManagementApplicationTests]: class path resource [com/ats/application/apm/ProfileManagementApplicationTestsContext.groovy] does not exist
10:11:42.576 [main] INFO org.springframework.test.context.support.AbstractContextLoader - Could not detect default resource locations for test class [com.ats.application.apm.ProfileManagementApplicationTests]: no resource found for suffixes {-context.xml, Context.groovy}.
10:11:42.577 [main] INFO org.springframework.test.context.support.AnnotationConfigContextLoaderUtils - Could not detect default configuration classes for test class [com.ats.application.apm.ProfileManagementApplicationTests]: ProfileManagementApplicationTests does not declare any static, non-private, non-final, nested classes annotated with @Configuration.
10:11:42.591 [main] DEBUG org.springframework.test.context.support.ActiveProfilesUtils - Could not find an 'annotation declaring class' for annotation type [org.springframework.test.context.ActiveProfiles] and class [com.ats.application.apm.ProfileManagementApplicationTests]
10:11:42.592 [main] DEBUG org.springframework.core.env.StandardEnvironment - Adding PropertySource 'systemProperties' with lowest search precedence
10:11:42.592 [main] DEBUG org.springframework.core.env.StandardEnvironment - Adding PropertySource 'systemEnvironment' with lowest search precedence
10:11:42.593 [main] DEBUG org.springframework.core.env.StandardEnvironment - Initialized StandardEnvironment with PropertySources [MapPropertySource@231977479 {name='systemProperties', properties={java.runtime.name=Java(TM) SE Runtime Environment, sun.boot.library.path=C:\Program Files\Java\jdk1.8.0_121\jre\bin, java.vm.version=25.121-b13, java.vm.vendor=Oracle Corporation, java.vendor.url=http://java.oracle.com/, path.separator=;, java.vm.name=Java HotSpot(TM) 64-Bit Server VM, file.encoding.pkg=sun.io, user.country=US, user.script=, sun.java.launcher=SUN_STANDARD, sun.os.patch.level=, java.vm.specification.name=Java Virtual Machine Specification, user.dir=H:\Alphzeno\projects\workarea\ProfileManagement, java.runtime.version=1.8.0_121-b13, basedir=H:\Alphzeno\projects\workarea\ProfileManagement, java.awt.graphicsenv=sun.awt.Win32GraphicsEnvironment, java.endorsed.dirs=C:\Program Files\Java\jdk1.8.0_121\jre\lib\endorsed, os.arch=amd64, surefire.real.class.path=H:\Alphzeno\projects\workarea\ProfileManagement\target\surefire\surefirebooter7884322523029016217.jar, java.io.tmpdir=C:\Users\Admin\AppData\Local\Temp\, line.separator=
, java.vm.specification.vendor=Oracle Corporation, user.variant=, os.name=Windows 8.1, sun.jnu.encoding=Cp1252, java.library.path=C:\Program Files\Java\jdk1.8.0_121\jre\bin;C:\Windows\Sun\Java\bin;C:\Windows\system32;C:\Windows;C:/Program Files/Java/jre1.8.0_144/bin/server;C:/Program Files/Java/jre1.8.0_144/bin;C:/Program Files/Java/jre1.8.0_144/lib/amd64;C:\ProgramData\Oracle\Java\javapath;C:\Program Files\Python36\Scripts\;C:\Program Files\Python36\;C:\Program Files (x86)\IBM\WebSphere MQ\java\lib;C:\Program Files (x86)\IBM\WebSphere MQ\java\lib64;C:\instantclient_12_1;C:\instantclient_12_1\sdk;C:\oraclexe\app\oracle\product\10.2.0\server\bin;C:\Program Files (x86)\Intel\iCLS Client\;C:\Program Files\Intel\iCLS Client\;C:\Program Files\Dell\DW WLAN Card;C:\Windows\system32;C:\Windows;C:\Windows\System32\Wbem;C:\Windows\System32\WindowsPowerShell\v1.0\;c:\Program Files\WIDCOMM\Bluetooth Software\;c:\Program Files\WIDCOMM\Bluetooth Software\syswow64;C:\Program Files\Intel\Intel(R) Management Engine Components\DAL;C:\Program Files (x86)\Intel\Intel(R) Management Engine Components\DAL;C:\Program Files\Intel\Intel(R) Management Engine Components\IPT;C:\Program Files (x86)\Intel\Intel(R) Management Engine Components\IPT;C:\Program Files\Java\jdk1.8.0_121\bin;C:\Program Files (x86)\Microsoft SQL Server\110\Tools\Binn\;C:\Program Files\Microsoft SQL Server\110\Tools\Binn\;C:\Program Files\Microsoft SQL Server\110\DTS\Binn\;C:\Program Files\Microsoft SQL Server\Client SDK\ODBC\110\Tools\Binn\;C:\Program Files (x86)\Microsoft SQL Server\120\Tools\Binn\ManagementStudio\;C:\Program Files (x86)\Microsoft SQL Server\120\Tools\Binn\;C:\Program Files\Microsoft SQL Server\120\Tools\Binn\;C:\Program Files (x86)\Microsoft SQL Server\120\DTS\Binn\;C:\Program Files\Microsoft SQL Server\120\DTS\Binn\;C:\maven333\bin;C:\Program Files\TortoiseSVN\bin;C:\Program Files (x86)\Microsoft SQL Server Migration Assistant for Oracle\bin\;C:\Program Files (x86)\Windows Kits\8.1\Windows Performance Toolkit\;C:\MinGW\bin;C:\MinGW\msys\1.0\bin;C:\Program Files (x86)\IBM\WebSphere MQ\bin64;C:\Program Files (x86)\IBM\WebSphere MQ\bin;C:\Program Files (x86)\IBM\WebSphere MQ\tools\c\samples\bin;C:\Program Files\Git\cmd;C:\Program Files (x86)\Skype\Phone\;E:\node.bat;C:\Program Files\nodejs\;C:\Users\Admin\AppData\Local\atom\bin;C:\Program Files\Microsoft VS Code\bin;C:\Users\Admin\AppData\Roaming\npm;H:\Alphzeno\projects\ide\eclipse;;., surefire.test.class.path=H:\Alphzeno\projects\workarea\ProfileManagement\target\test-classes;H:\Alphzeno\projects\workarea\ProfileManagement\target\classes;H:\Alphzeno\projects\mvn\repos\org\springframework\boot\spring-boot-starter-data-jpa\1.5.13.RELEASE\spring-boot-starter-data-jpa-1.5.13.RELEASE.jar;H:\Alphzeno\projects\mvn\repos\org\springframework\boot\spring-boot-starter\1.5.13.RELEASE\spring-boot-starter-1.5.13.RELEASE.jar;H:\Alphzeno\projects\mvn\repos\org\springframework\boot\spring-boot\1.5.13.RELEASE\spring-boot-1.5.13.RELEASE.jar;H:\Alphzeno\projects\mvn\repos\org\springframework\boot\spring-boot-autoconfigure\1.5.13.RELEASE\spring-boot-autoconfigure-1.5.13.RELEASE.jar;H:\Alphzeno\projects\mvn\repos\org\springframework\boot\spring-boot-starter-logging\1.5.13.RELEASE\spring-boot-starter-logging-1.5.13.RELEASE.jar;H:\Alphzeno\projects\mvn\repos\ch\qos\logback\logback-classic\1.1.11\logback-classic-1.1.11.jar;H:\Alphzeno\projects\mvn\repos\ch\qos\logback\logback-core\1.1.11\logback-core-1.1.11.jar;H:\Alphzeno\projects\mvn\repos\org\slf4j\jul-to-slf4j\1.7.25\jul-to-slf4j-1.7.25.jar;H:\Alphzeno\projects\mvn\repos\org\slf4j\log4j-over-slf4j\1.7.25\log4j-over-slf4j-1.7.25.jar;H:\Alphzeno\projects\mvn\repos\org\yaml\snakeyaml\1.17\snakeyaml-1.17.jar;H:\Alphzeno\projects\mvn\repos\org\springframework\boot\spring-boot-starter-aop\1.5.13.RELEASE\spring-boot-starter-aop-1.5.13.RELEASE.jar;H:\Alphzeno\projects\mvn\repos\org\springframework\spring-aop\4.3.17.RELEASE\spring-aop-4.3.17.RELEASE.jar;H:\Alphzeno\projects\mvn\repos\org\aspectj\aspectjweaver\1.8.13\aspectjweaver-1.8.13.jar;H:\Alphzeno\projects\mvn\repos\org\springframework\boot\spring-boot-starter-jdbc\1.5.13.RELEASE\spring-boot-starter-jdbc-1.5.13.RELEASE.jar;H:\Alphzeno\projects\mvn\repos\org\apache\tomcat\tomcat-jdbc\8.5.31\tomcat-jdbc-8.5.31.jar;H:\Alphzeno\projects\mvn\repos\org\apache\tomcat\tomcat-juli\8.5.31\tomcat-juli-8.5.31.jar;H:\Alphzeno\projects\mvn\repos\org\springframework\spring-jdbc\4.3.17.RELEASE\spring-jdbc-4.3.17.RELEASE.jar;H:\Alphzeno\projects\mvn\repos\org\hibernate\hibernate-core\5.0.12.Final\hibernate-core-5.0.12.Final.jar;H:\Alphzeno\projects\mvn\repos\org\jboss\logging\jboss-logging\3.3.2.Final\jboss-logging-3.3.2.Final.jar;H:\Alphzeno\projects\mvn\repos\org\hibernate\javax\persistence\hibernate-jpa-2.1-api\1.0.0.Final\hibernate-jpa-2.1-api-1.0.0.Final.jar;H:\Alphzeno\projects\mvn\repos\org\javassist\javassist\3.21.0-GA\javassist-3.21.0-GA.jar;H:\Alphzeno\projects\mvn\repos\antlr\antlr\2.7.7\antlr-2.7.7.jar;H:\Alphzeno\projects\mvn\repos\org\jboss\jandex\2.0.0.Final\jandex-2.0.0.Final.jar;H:\Alphzeno\projects\mvn\repos\dom4j\dom4j\1.6.1\dom4j-1.6.1.jar;H:\Alphzeno\projects\mvn\repos\org\hibernate\common\hibernate-commons-annotations\5.0.1.Final\hibernate-commons-annotations-5.0.1.Final.jar;H:\Alphzeno\projects\mvn\repos\org\hibernate\hibernate-entitymanager\5.0.12.Final\hibernate-entitymanager-5.0.12.Final.jar;H:\Alphzeno\projects\mvn\repos\javax\transaction\javax.transaction-api\1.2\javax.transaction-api-1.2.jar;H:\Alphzeno\projects\mvn\repos\org\springframework\data\spring-data-jpa\1.11.12.RELEASE\spring-data-jpa-1.11.12.RELEASE.jar;H:\Alphzeno\projects\mvn\repos\org\springframework\data\spring-data-commons\1.13.12.RELEASE\spring-data-commons-1.13.12.RELEASE.jar;H:\Alphzeno\projects\mvn\repos\org\springframework\spring-orm\4.3.17.RELEASE\spring-orm-4.3.17.RELEASE.jar;H:\Alphzeno\projects\mvn\repos\org\springframework\spring-context\4.3.17.RELEASE\spring-context-4.3.17.RELEASE.jar;H:\Alphzeno\projects\mvn\repos\org\springframework\spring-tx\4.3.17.RELEASE\spring-tx-4.3.17.RELEASE.jar;H:\Alphzeno\projects\mvn\repos\org\springframework\spring-beans\4.3.17.RELEASE\spring-beans-4.3.17.RELEASE.jar;H:\Alphzeno\projects\mvn\repos\org\slf4j\slf4j-api\1.7.25\slf4j-api-1.7.25.jar;H:\Alphzeno\projects\mvn\repos\org\slf4j\jcl-over-slf4j\1.7.25\jcl-over-slf4j-1.7.25.jar;H:\Alphzeno\projects\mvn\repos\org\springframework\spring-aspects\4.3.17.RELEASE\spring-aspects-4.3.17.RELEASE.jar;H:\Alphzeno\projects\mvn\repos\org\springframework\boot\spring-boot-starter-web\1.5.13.RELEASE\spring-boot-starter-web-1.5.13.RELEASE.jar;H:\Alphzeno\projects\mvn\repos\org\hibernate\hibernate-validator\5.3.6.Final\hibernate-validator-5.3.6.Final.jar;H:\Alphzeno\projects\mvn\repos\javax\validation\validation-api\1.1.0.Final\validation-api-1.1.0.Final.jar;H:\Alphzeno\projects\mvn\repos\com\fasterxml\classmate\1.3.4\classmate-1.3.4.jar;H:\Alphzeno\projects\mvn\repos\com\fasterxml\jackson\core\jackson-databind\2.8.11.1\jackson-databind-2.8.11.1.jar;H:\Alphzeno\projects\mvn\repos\com\fasterxml\jackson\core\jackson-annotations\2.8.0\jackson-annotations-2.8.0.jar;H:\Alphzeno\projects\mvn\repos\com\fasterxml\jackson\core\jackson-core\2.8.11\jackson-core-2.8.11.jar;H:\Alphzeno\projects\mvn\repos\org\springframework\spring-web\4.3.17.RELEASE\spring-web-4.3.17.RELEASE.jar;H:\Alphzeno\projects\mvn\repos\org\springframework\spring-webmvc\4.3.17.RELEASE\spring-webmvc-4.3.17.RELEASE.jar;H:\Alphzeno\projects\mvn\repos\org\springframework\spring-expression\4.3.17.RELEASE\spring-expression-4.3.17.RELEASE.jar;H:\Alphzeno\projects\mvn\repos\org\springframework\boot\spring-boot-starter-actuator\1.5.13.RELEASE\spring-boot-starter-actuator-1.5.13.RELEASE.jar;H:\Alphzeno\projects\mvn\repos\org\springframework\boot\spring-boot-actuator\1.5.13.RELEASE\spring-boot-actuator-1.5.13.RELEASE.jar;H:\Alphzeno\projects\mvn\repos\com\oracle\ojdbc7\12.1.0\ojdbc7-12.1.0.jar;H:\Alphzeno\projects\mvn\repos\org\springframework\boot\spring-boot-starter-test\1.5.13.RELEASE\spring-boot-starter-test-1.5.13.RELEASE.jar;H:\Alphzeno\projects\mvn\repos\org\springframework\boot\spring-boot-test\1.5.13.RELEASE\spring-boot-test-1.5.13.RELEASE.jar;H:\Alphzeno\projects\mvn\repos\org\springframework\boot\spring-boot-test-autoconfigure\1.5.13.RELEASE\spring-boot-test-autoconfigure-1.5.13.RELEASE.jar;H:\Alphzeno\projects\mvn\repos\com\jayway\jsonpath\json-path\2.2.0\json-path-2.2.0.jar;H:\Alphzeno\projects\mvn\repos\net\minidev\json-smart\2.2.1\json-smart-2.2.1.jar;H:\Alphzeno\projects\mvn\repos\net\minidev\accessors-smart\1.1\accessors-smart-1.1.jar;H:\Alphzeno\projects\mvn\repos\org\ow2\asm\asm\5.0.3\asm-5.0.3.jar;H:\Alphzeno\projects\mvn\repos\junit\junit\4.12\junit-4.12.jar;H:\Alphzeno\projects\mvn\repos\org\assertj\assertj-core\2.6.0\assertj-core-2.6.0.jar;H:\Alphzeno\projects\mvn\repos\org\mockito\mockito-core\1.10.19\mockito-core-1.10.19.jar;H:\Alphzeno\projects\mvn\repos\org\objenesis\objenesis\2.1\objenesis-2.1.jar;H:\Alphzeno\projects\mvn\repos\org\hamcrest\hamcrest-core\1.3\hamcrest-core-1.3.jar;H:\Alphzeno\projects\mvn\repos\org\hamcrest\hamcrest-library\1.3\hamcrest-library-1.3.jar;H:\Alphzeno\projects\mvn\repos\org\skyscreamer\jsonassert\1.4.0\jsonassert-1.4.0.jar;H:\Alphzeno\projects\mvn\repos\com\vaadin\external\google\android-json\0.0.20131108.vaadin1\android-json-0.0.20131108.vaadin1.jar;H:\Alphzeno\projects\mvn\repos\org\springframework\spring-core\4.3.17.RELEASE\spring-core-4.3.17.RELEASE.jar;H:\Alphzeno\projects\mvn\repos\org\springframework\spring-test\4.3.17.RELEASE\spring-test-4.3.17.RELEASE.jar;H:\Alphzeno\projects\mvn\repos\javax\servlet\servlet-api\2.5\servlet-api-2.5.jar;, java.specification.name=Java Platform API Specification, java.class.version=52.0, sun.management.compiler=HotSpot 64-Bit Tiered Compilers, os.version=6.3, user.home=C:\Users\Admin, user.timezone=Asia/Riyadh, java.awt.printerjob=sun.awt.windows.WPrinterJob, file.encoding=Cp1252, java.specification.version=1.8, java.class.path=H:\Alphzeno\projects\workarea\ProfileManagement\target\test-classes;H:\Alphzeno\projects\workarea\ProfileManagement\target\classes;H:\Alphzeno\projects\mvn\repos\org\springframework\boot\spring-boot-starter-data-jpa\1.5.13.RELEASE\spring-boot-starter-data-jpa-1.5.13.RELEASE.jar;H:\Alphzeno\projects\mvn\repos\org\springframework\boot\spring-boot-starter\1.5.13.RELEASE\spring-boot-starter-1.5.13.RELEASE.jar;H:\Alphzeno\projects\mvn\repos\org\springframework\boot\spring-boot\1.5.13.RELEASE\spring-boot-1.5.13.RELEASE.jar;H:\Alphzeno\projects\mvn\repos\org\springframework\boot\spring-boot-autoconfigure\1.5.13.RELEASE\spring-boot-autoconfigure-1.5.13.RELEASE.jar;H:\Alphzeno\projects\mvn\repos\org\springframework\boot\spring-boot-starter-logging\1.5.13.RELEASE\spring-boot-starter-logging-1.5.13.RELEASE.jar;H:\Alphzeno\projects\mvn\repos\ch\qos\logback\logback-classic\1.1.11\logback-classic-1.1.11.jar;H:\Alphzeno\projects\mvn\repos\ch\qos\logback\logback-core\1.1.11\logback-core-1.1.11.jar;H:\Alphzeno\projects\mvn\repos\org\slf4j\jul-to-slf4j\1.7.25\jul-to-slf4j-1.7.25.jar;H:\Alphzeno\projects\mvn\repos\org\slf4j\log4j-over-slf4j\1.7.25\log4j-over-slf4j-1.7.25.jar;H:\Alphzeno\projects\mvn\repos\org\yaml\snakeyaml\1.17\snakeyaml-1.17.jar;H:\Alphzeno\projects\mvn\repos\org\springframework\boot\spring-boot-starter-aop\1.5.13.RELEASE\spring-boot-starter-aop-1.5.13.RELEASE.jar;H:\Alphzeno\projects\mvn\repos\org\springframework\spring-aop\4.3.17.RELEASE\spring-aop-4.3.17.RELEASE.jar;H:\Alphzeno\projects\mvn\repos\org\aspectj\aspectjweaver\1.8.13\aspectjweaver-1.8.13.jar;H:\Alphzeno\projects\mvn\repos\org\springframework\boot\spring-boot-starter-jdbc\1.5.13.RELEASE\spring-boot-starter-jdbc-1.5.13.RELEASE.jar;H:\Alphzeno\projects\mvn\repos\org\apache\tomcat\tomcat-jdbc\8.5.31\tomcat-jdbc-8.5.31.jar;H:\Alphzeno\projects\mvn\repos\org\apache\tomcat\tomcat-juli\8.5.31\tomcat-juli-8.5.31.jar;H:\Alphzeno\projects\mvn\repos\org\springframework\spring-jdbc\4.3.17.RELEASE\spring-jdbc-4.3.17.RELEASE.jar;H:\Alphzeno\projects\mvn\repos\org\hibernate\hibernate-core\5.0.12.Final\hibernate-core-5.0.12.Final.jar;H:\Alphzeno\projects\mvn\repos\org\jboss\logging\jboss-logging\3.3.2.Final\jboss-logging-3.3.2.Final.jar;H:\Alphzeno\projects\mvn\repos\org\hibernate\javax\persistence\hibernate-jpa-2.1-api\1.0.0.Final\hibernate-jpa-2.1-api-1.0.0.Final.jar;H:\Alphzeno\projects\mvn\repos\org\javassist\javassist\3.21.0-GA\javassist-3.21.0-GA.jar;H:\Alphzeno\projects\mvn\repos\antlr\antlr\2.7.7\antlr-2.7.7.jar;H:\Alphzeno\projects\mvn\repos\org\jboss\jandex\2.0.0.Final\jandex-2.0.0.Final.jar;H:\Alphzeno\projects\mvn\repos\dom4j\dom4j\1.6.1\dom4j-1.6.1.jar;H:\Alphzeno\projects\mvn\repos\org\hibernate\common\hibernate-commons-annotations\5.0.1.Final\hibernate-commons-annotations-5.0.1.Final.jar;H:\Alphzeno\projects\mvn\repos\org\hibernate\hibernate-entitymanager\5.0.12.Final\hibernate-entitymanager-5.0.12.Final.jar;H:\Alphzeno\projects\mvn\repos\javax\transaction\javax.transaction-api\1.2\javax.transaction-api-1.2.jar;H:\Alphzeno\projects\mvn\repos\org\springframework\data\spring-data-jpa\1.11.12.RELEASE\spring-data-jpa-1.11.12.RELEASE.jar;H:\Alphzeno\projects\mvn\repos\org\springframework\data\spring-data-commons\1.13.12.RELEASE\spring-data-commons-1.13.12.RELEASE.jar;H:\Alphzeno\projects\mvn\repos\org\springframework\spring-orm\4.3.17.RELEASE\spring-orm-4.3.17.RELEASE.jar;H:\Alphzeno\projects\mvn\repos\org\springframework\spring-context\4.3.17.RELEASE\spring-context-4.3.17.RELEASE.jar;H:\Alphzeno\projects\mvn\repos\org\springframework\spring-tx\4.3.17.RELEASE\spring-tx-4.3.17.RELEASE.jar;H:\Alphzeno\projects\mvn\repos\org\springframework\spring-beans\4.3.17.RELEASE\spring-beans-4.3.17.RELEASE.jar;H:\Alphzeno\projects\mvn\repos\org\slf4j\slf4j-api\1.7.25\slf4j-api-1.7.25.jar;H:\Alphzeno\projects\mvn\repos\org\slf4j\jcl-over-slf4j\1.7.25\jcl-over-slf4j-1.7.25.jar;H:\Alphzeno\projects\mvn\repos\org\springframework\spring-aspects\4.3.17.RELEASE\spring-aspects-4.3.17.RELEASE.jar;H:\Alphzeno\projects\mvn\repos\org\springframework\boot\spring-boot-starter-web\1.5.13.RELEASE\spring-boot-starter-web-1.5.13.RELEASE.jar;H:\Alphzeno\projects\mvn\repos\org\hibernate\hibernate-validator\5.3.6.Final\hibernate-validator-5.3.6.Final.jar;H:\Alphzeno\projects\mvn\repos\javax\validation\validation-api\1.1.0.Final\validation-api-1.1.0.Final.jar;H:\Alphzeno\projects\mvn\repos\com\fasterxml\classmate\1.3.4\classmate-1.3.4.jar;H:\Alphzeno\projects\mvn\repos\com\fasterxml\jackson\core\jackson-databind\2.8.11.1\jackson-databind-2.8.11.1.jar;H:\Alphzeno\projects\mvn\repos\com\fasterxml\jackson\core\jackson-annotations\2.8.0\jackson-annotations-2.8.0.jar;H:\Alphzeno\projects\mvn\repos\com\fasterxml\jackson\core\jackson-core\2.8.11\jackson-core-2.8.11.jar;H:\Alphzeno\projects\mvn\repos\org\springframework\spring-web\4.3.17.RELEASE\spring-web-4.3.17.RELEASE.jar;H:\Alphzeno\projects\mvn\repos\org\springframework\spring-webmvc\4.3.17.RELEASE\spring-webmvc-4.3.17.RELEASE.jar;H:\Alphzeno\projects\mvn\repos\org\springframework\spring-expression\4.3.17.RELEASE\spring-expression-4.3.17.RELEASE.jar;H:\Alphzeno\projects\mvn\repos\org\springframework\boot\spring-boot-starter-actuator\1.5.13.RELEASE\spring-boot-starter-actuator-1.5.13.RELEASE.jar;H:\Alphzeno\projects\mvn\repos\org\springframework\boot\spring-boot-actuator\1.5.13.RELEASE\spring-boot-actuator-1.5.13.RELEASE.jar;H:\Alphzeno\projects\mvn\repos\com\oracle\ojdbc7\12.1.0\ojdbc7-12.1.0.jar;H:\Alphzeno\projects\mvn\repos\org\springframework\boot\spring-boot-starter-test\1.5.13.RELEASE\spring-boot-starter-test-1.5.13.RELEASE.jar;H:\Alphzeno\projects\mvn\repos\org\springframework\boot\spring-boot-test\1.5.13.RELEASE\spring-boot-test-1.5.13.RELEASE.jar;H:\Alphzeno\projects\mvn\repos\org\springframework\boot\spring-boot-test-autoconfigure\1.5.13.RELEASE\spring-boot-test-autoconfigure-1.5.13.RELEASE.jar;H:\Alphzeno\projects\mvn\repos\com\jayway\jsonpath\json-path\2.2.0\json-path-2.2.0.jar;H:\Alphzeno\projects\mvn\repos\net\minidev\json-smart\2.2.1\json-smart-2.2.1.jar;H:\Alphzeno\projects\mvn\repos\net\minidev\accessors-smart\1.1\accessors-smart-1.1.jar;H:\Alphzeno\projects\mvn\repos\org\ow2\asm\asm\5.0.3\asm-5.0.3.jar;H:\Alphzeno\projects\mvn\repos\junit\junit\4.12\junit-4.12.jar;H:\Alphzeno\projects\mvn\repos\org\assertj\assertj-core\2.6.0\assertj-core-2.6.0.jar;H:\Alphzeno\projects\mvn\repos\org\mockito\mockito-core\1.10.19\mockito-core-1.10.19.jar;H:\Alphzeno\projects\mvn\repos\org\objenesis\objenesis\2.1\objenesis-2.1.jar;H:\Alphzeno\projects\mvn\repos\org\hamcrest\hamcrest-core\1.3\hamcrest-core-1.3.jar;H:\Alphzeno\projects\mvn\repos\org\hamcrest\hamcrest-library\1.3\hamcrest-library-1.3.jar;H:\Alphzeno\projects\mvn\repos\org\skyscreamer\jsonassert\1.4.0\jsonassert-1.4.0.jar;H:\Alphzeno\projects\mvn\repos\com\vaadin\external\google\android-json\0.0.20131108.vaadin1\android-json-0.0.20131108.vaadin1.jar;H:\Alphzeno\projects\mvn\repos\org\springframework\spring-core\4.3.17.RELEASE\spring-core-4.3.17.RELEASE.jar;H:\Alphzeno\projects\mvn\repos\org\springframework\spring-test\4.3.17.RELEASE\spring-test-4.3.17.RELEASE.jar;H:\Alphzeno\projects\mvn\repos\javax\servlet\servlet-api\2.5\servlet-api-2.5.jar;, user.name=Admin, java.vm.specification.version=1.8, sun.java.command=H:\Alphzeno\projects\workarea\ProfileManagement\target\surefire\surefirebooter7884322523029016217.jar H:\Alphzeno\projects\workarea\ProfileManagement\target\surefire\surefire4557367806441789146tmp H:\Alphzeno\projects\workarea\ProfileManagement\target\surefire\surefire_05141724944381504405tmp, java.home=C:\Program Files\Java\jdk1.8.0_121\jre, sun.arch.data.model=64, user.language=en, java.specification.vendor=Oracle Corporation, awt.toolkit=sun.awt.windows.WToolkit, java.vm.info=mixed mode, java.version=1.8.0_121, java.ext.dirs=C:\Program Files\Java\jdk1.8.0_121\jre\lib\ext;C:\Windows\Sun\Java\lib\ext, sun.boot.class.path=C:\Program Files\Java\jdk1.8.0_121\jre\lib\resources.jar;C:\Program Files\Java\jdk1.8.0_121\jre\lib\rt.jar;C:\Program Files\Java\jdk1.8.0_121\jre\lib\sunrsasign.jar;C:\Program Files\Java\jdk1.8.0_121\jre\lib\jsse.jar;C:\Program Files\Java\jdk1.8.0_121\jre\lib\jce.jar;C:\Program Files\Java\jdk1.8.0_121\jre\lib\charsets.jar;C:\Program Files\Java\jdk1.8.0_121\jre\lib\jfr.jar;C:\Program Files\Java\jdk1.8.0_121\jre\classes, java.vendor=Oracle Corporation, localRepository=H:\Alphzeno\projects\mvn\repos, file.separator=\, java.vendor.url.bug=http://bugreport.sun.com/bugreport/, sun.io.unicode.encoding=UnicodeLittle, sun.cpu.endian=little, sun.desktop=windows, sun.cpu.isalist=amd64}}, SystemEnvironmentPropertySource@1427889191 {name='systemEnvironment', properties={PATH=C:/Program Files/Java/jre1.8.0_144/bin/server;C:/Program Files/Java/jre1.8.0_144/bin;C:/Program Files/Java/jre1.8.0_144/lib/amd64;C:\ProgramData\Oracle\Java\javapath;C:\Program Files\Python36\Scripts\;C:\Program Files\Python36\;C:\Program Files (x86)\IBM\WebSphere MQ\java\lib;C:\Program Files (x86)\IBM\WebSphere MQ\java\lib64;C:\instantclient_12_1;C:\instantclient_12_1\sdk;C:\oraclexe\app\oracle\product\10.2.0\server\bin;C:\Program Files (x86)\Intel\iCLS Client\;C:\Program Files\Intel\iCLS Client\;C:\Program Files\Dell\DW WLAN Card;C:\Windows\system32;C:\Windows;C:\Windows\System32\Wbem;C:\Windows\System32\WindowsPowerShell\v1.0\;c:\Program Files\WIDCOMM\Bluetooth Software\;c:\Program Files\WIDCOMM\Bluetooth Software\syswow64;C:\Program Files\Intel\Intel(R) Management Engine Components\DAL;C:\Program Files (x86)\Intel\Intel(R) Management Engine Components\DAL;C:\Program Files\Intel\Intel(R) Management Engine Components\IPT;C:\Program Files (x86)\Intel\Intel(R) Management Engine Components\IPT;C:\Program Files\Java\jdk1.8.0_121\bin;C:\Program Files (x86)\Microsoft SQL Server\110\Tools\Binn\;C:\Program Files\Microsoft SQL Server\110\Tools\Binn\;C:\Program Files\Microsoft SQL Server\110\DTS\Binn\;C:\Program Files\Microsoft SQL Server\Client SDK\ODBC\110\Tools\Binn\;C:\Program Files (x86)\Microsoft SQL Server\120\Tools\Binn\ManagementStudio\;C:\Program Files (x86)\Microsoft SQL Server\120\Tools\Binn\;C:\Program Files\Microsoft SQL Server\120\Tools\Binn\;C:\Program Files (x86)\Microsoft SQL Server\120\DTS\Binn\;C:\Program Files\Microsoft SQL Server\120\DTS\Binn\;C:\maven333\bin;C:\Program Files\TortoiseSVN\bin;C:\Program Files (x86)\Microsoft SQL Server Migration Assistant for Oracle\bin\;C:\Program Files (x86)\Windows Kits\8.1\Windows Performance Toolkit\;C:\MinGW\bin;C:\MinGW\msys\1.0\bin;C:\Program Files (x86)\IBM\WebSphere MQ\bin64;C:\Program Files (x86)\IBM\WebSphere MQ\bin;C:\Program Files (x86)\IBM\WebSphere MQ\tools\c\samples\bin;C:\Program Files\Git\cmd;C:\Program Files (x86)\Skype\Phone\;E:\node.bat;C:\Program Files\nodejs\;C:\Users\Admin\AppData\Local\atom\bin;C:\Program Files\Microsoft VS Code\bin;C:\Users\Admin\AppData\Roaming\npm;H:\Alphzeno\projects\ide\eclipse;, USERDOMAIN_ROAMINGPROFILE=PC4, MQ_JRE_PATH=C:\Program Files (x86)\IBM\WebSphere MQ\java\jre, PROCESSOR_LEVEL=6, SYSTEMDRIVE=C:, MQ_JAVA_DATA_PATH=C:\Program Files (x86)\IBM\WebSphere MQ, FP_NO_HOST_CHECK=NO, SESSIONNAME=Console, ALLUSERSPROFILE=C:\ProgramData, PROCESSOR_ARCHITECTURE=AMD64, TNS_ADMIN=C:\instantclient_12_1, PROGRAMFILES=C:\Program Files, MQ_JAVA_LIB_PATH=C:\Program Files (x86)\IBM\WebSphere MQ\java\lib64;C:\Program Files (x86)\IBM\WebSphere MQ\java\lib, PSMODULEPATH=C:\Windows\system32\WindowsPowerShell\v1.0\Modules\;C:\Program Files (x86)\Microsoft SQL Server\110\Tools\PowerShell\Modules\;C:\Program Files (x86)\Microsoft SQL Server\120\Tools\PowerShell\Modules\, PROGRAMDATA=C:\ProgramData, USERNAME=Admin, INCLUDE=C:\Program Files (x86)\IBM\WebSphere MQ\tools\c\include;C:\Program Files (x86)\IBM\WebSphere MQ\tools\cplus\include, PATHEXT=.COM;.EXE;.BAT;.CMD;.VBS;.VBE;.JS;.JSE;.WSF;.WSH;.MSC;.PY;.PYW, WINDIR=C:\Windows, HOMEPATH=\Users\Admin, PROCESSOR_IDENTIFIER=Intel64 Family 6 Model 61 Stepping 4, GenuineIntel, M2_HOME=C:\maven333, MQ_JAVA_INSTALL_PATH=C:\Program Files (x86)\IBM\WebSphere MQ\java, PUBLIC=C:\Users\Public, =::=::\, OPENSSL_CONF=E:\openssl\OpenSSL-Win64\bin\openssl.cfg, LOCALAPPDATA=C:\Users\Admin\AppData\Local, COMMONPROGRAMFILES(X86)=C:\Program Files (x86)\Common Files, SSMA_O2SS_EP_HOME=C:\Microsoft SQL Server Migration Assistant for Oracle Extension Pack\, USERDOMAIN=PC4, LOGONSERVER=\\PC4, JAVA_HOME=C:\Program Files\Java\jdk1.8.0_121, PROMPT=$P$G, PROGRAMFILES(X86)=C:\Program Files (x86), =C:=C:\, APPDATA=C:\Users\Admin\AppData\Roaming, PROGRAMW6432=C:\Program Files, SYSTEMROOT=C:\Windows, MQ_FILE_PATH=C:\Program Files (x86)\IBM\WebSphere MQ, VBOX_MSI_INSTALL_PATH=C:\Program Files\Oracle\VirtualBox\, LIB=C:\Program Files (x86)\IBM\WebSphere MQ\tools\lib64;C:\Program Files (x86)\IBM\WebSphere MQ\tools\lib, OS=Windows_NT, COMMONPROGRAMW6432=C:\Program Files\Common Files, COMPUTERNAME=PC4, COMMONPROGRAMFILES=C:\Program Files\Common Files, COMSPEC=C:\Windows\system32\cmd.exe, VS90COMNTOOLS=C:\Program Files (x86)\Microsoft Visual Studio 9.0\Common7\Tools\, PROCESSOR_REVISION=3d04, =H:=H:\Alphzeno\projects\workarea\ProfileManagement, TEMP=C:\Users\Admin\AppData\Local\Temp, HOMEDRIVE=C:, USERPROFILE=C:\Users\Admin, TMP=C:\Users\Admin\AppData\Local\Temp, NUMBER_OF_PROCESSORS=4}}]
10:11:42.597 [main] INFO org.springframework.boot.test.context.SpringBootTestContextBootstrapper - Found @SpringBootConfiguration com.ats.application.apm.ProfileManagementApplication for test class com.ats.application.apm.ProfileManagementApplicationTests
10:11:42.604 [main] DEBUG org.springframework.boot.test.context.SpringBootTestContextBootstrapper - @TestExecutionListeners is not present for class [com.ats.application.apm.ProfileManagementApplicationTests]: using defaults.
10:11:42.610 [main] INFO org.springframework.boot.test.context.SpringBootTestContextBootstrapper - Loaded default TestExecutionListener class names from location [META-INF/spring.factories]: [org.springframework.boot.test.mock.mockito.MockitoTestExecutionListener, org.springframework.boot.test.mock.mockito.ResetMocksTestExecutionListener, org.springframework.boot.test.autoconfigure.restdocs.RestDocsTestExecutionListener, org.springframework.boot.test.autoconfigure.web.client.MockRestServiceServerResetTestExecutionListener, org.springframework.boot.test.autoconfigure.web.servlet.MockMvcPrintOnlyOnFailureTestExecutionListener, org.springframework.boot.test.autoconfigure.web.servlet.WebDriverTestExecutionListener, org.springframework.test.context.web.ServletTestExecutionListener, org.springframework.test.context.support.DirtiesContextBeforeModesTestExecutionListener, org.springframework.test.context.support.DependencyInjectionTestExecutionListener, org.springframework.test.context.support.DirtiesContextTestExecutionListener, org.springframework.test.context.transaction.TransactionalTestExecutionListener, org.springframework.test.context.jdbc.SqlScriptsTestExecutionListener]
10:11:42.617 [main] INFO org.springframework.boot.test.context.SpringBootTestContextBootstrapper - Using TestExecutionListeners: [org.springframework.test.context.web.ServletTestExecutionListener@1a052a00, org.springframework.test.context.support.DirtiesContextBeforeModesTestExecutionListener@4d826d77, org.springframework.boot.test.mock.mockito.MockitoTestExecutionListener@61009542, org.springframework.boot.test.autoconfigure.SpringBootDependencyInjectionTestExecutionListener@77e9807f, org.springframework.test.context.support.DirtiesContextTestExecutionListener@448ff1a8, org.springframework.test.context.transaction.TransactionalTestExecutionListener@1a38c59b, org.springframework.test.context.jdbc.SqlScriptsTestExecutionListener@7f77e91b, org.springframework.boot.test.mock.mockito.ResetMocksTestExecutionListener@44a664f2, org.springframework.boot.test.autoconfigure.restdocs.RestDocsTestExecutionListener@7f9fcf7f, org.springframework.boot.test.autoconfigure.web.client.MockRestServiceServerResetTestExecutionListener@2357d90a, org.springframework.boot.test.autoconfigure.web.servlet.MockMvcPrintOnlyOnFailureTestExecutionListener@6328d34a, org.springframework.boot.test.autoconfigure.web.servlet.WebDriverTestExecutionListener@145eaa29]
10:11:42.618 [main] DEBUG org.springframework.test.annotation.ProfileValueUtils - Retrieved @ProfileValueSourceConfiguration [null] for test class [com.ats.application.apm.ProfileManagementApplicationTests]
10:11:42.618 [main] DEBUG org.springframework.test.annotation.ProfileValueUtils - Retrieved ProfileValueSource type [class org.springframework.test.annotation.SystemProfileValueSource] for class [com.ats.application.apm.ProfileManagementApplicationTests]
10:11:42.620 [main] DEBUG org.springframework.test.annotation.ProfileValueUtils - Retrieved @ProfileValueSourceConfiguration [null] for test class [com.ats.application.apm.ProfileManagementApplicationTests]
10:11:42.620 [main] DEBUG org.springframework.test.annotation.ProfileValueUtils - Retrieved ProfileValueSource type [class org.springframework.test.annotation.SystemProfileValueSource] for class [com.ats.application.apm.ProfileManagementApplicationTests]
10:11:42.626 [main] DEBUG org.springframework.test.context.support.AbstractDirtiesContextTestExecutionListener - Before test class: context [DefaultTestContext@67e2d983 testClass = ProfileManagementApplicationTests, testInstance = [null], testMethod = [null], testException = [null], mergedContextConfiguration = [WebMergedContextConfiguration@5d47c63f testClass = ProfileManagementApplicationTests, locations = '{}', classes = '{class com.ats.application.apm.ProfileManagementApplication}', contextInitializerClasses = '[]', activeProfiles = '{}', propertySourceLocations = '{}', propertySourceProperties = '{org.springframework.boot.test.context.SpringBootTestContextBootstrapper=true}', contextCustomizers = set[org.springframework.boot.test.context.SpringBootTestContextCustomizer@56235b8e, org.springframework.boot.test.context.filter.ExcludeFilterContextCustomizer@2286778, org.springframework.boot.test.json.DuplicateJsonObjectContextCustomizerFactory$DuplicateJsonObjectContextCustomizer@527740a2, org.springframework.boot.test.mock.mockito.MockitoContextCustomizer@0, org.springframework.boot.test.autoconfigure.properties.PropertyMappingContextCustomizer@0, org.springframework.boot.test.autoconfigure.web.servlet.WebDriverContextCustomizerFactory$Customizer@3dd4520b], resourceBasePath = 'src/main/webapp', contextLoader = 'org.springframework.boot.test.context.SpringBootContextLoader', parent = [null]]], class annotated with @DirtiesContext [false] with mode [null].
10:11:42.628 [main] DEBUG org.springframework.test.annotation.ProfileValueUtils - Retrieved @ProfileValueSourceConfiguration [null] for test class [com.ats.application.apm.ProfileManagementApplicationTests]
10:11:42.628 [main] DEBUG org.springframework.test.annotation.ProfileValueUtils - Retrieved ProfileValueSource type [class org.springframework.test.annotation.SystemProfileValueSource] for class [com.ats.application.apm.ProfileManagementApplicationTests]
10:11:42.763 [main] DEBUG org.springframework.core.env.StandardEnvironment - Adding PropertySource 'systemProperties' with lowest search precedence
10:11:42.763 [main] DEBUG org.springframework.core.env.StandardEnvironment - Adding PropertySource 'systemEnvironment' with lowest search precedence
10:11:42.764 [main] DEBUG org.springframework.core.env.StandardEnvironment - Initialized StandardEnvironment with PropertySources [MapPropertySource@1661081225 {name='systemProperties', properties={java.runtime.name=Java(TM) SE Runtime Environment, sun.boot.library.path=C:\Program Files\Java\jdk1.8.0_121\jre\bin, java.vm.version=25.121-b13, java.vm.vendor=Oracle Corporation, java.vendor.url=http://java.oracle.com/, path.separator=;, java.vm.name=Java HotSpot(TM) 64-Bit Server VM, file.encoding.pkg=sun.io, user.country=US, user.script=, sun.java.launcher=SUN_STANDARD, sun.os.patch.level=, java.vm.specification.name=Java Virtual Machine Specification, user.dir=H:\Alphzeno\projects\workarea\ProfileManagement, java.runtime.version=1.8.0_121-b13, basedir=H:\Alphzeno\projects\workarea\ProfileManagement, java.awt.graphicsenv=sun.awt.Win32GraphicsEnvironment, java.endorsed.dirs=C:\Program Files\Java\jdk1.8.0_121\jre\lib\endorsed, os.arch=amd64, surefire.real.class.path=H:\Alphzeno\projects\workarea\ProfileManagement\target\surefire\surefirebooter7884322523029016217.jar, java.io.tmpdir=C:\Users\Admin\AppData\Local\Temp\, line.separator=
, java.vm.specification.vendor=Oracle Corporation, user.variant=, os.name=Windows 8.1, sun.jnu.encoding=Cp1252, java.library.path=C:\Program Files\Java\jdk1.8.0_121\jre\bin;C:\Windows\Sun\Java\bin;C:\Windows\system32;C:\Windows;C:/Program Files/Java/jre1.8.0_144/bin/server;C:/Program Files/Java/jre1.8.0_144/bin;C:/Program Files/Java/jre1.8.0_144/lib/amd64;C:\ProgramData\Oracle\Java\javapath;C:\Program Files\Python36\Scripts\;C:\Program Files\Python36\;C:\Program Files (x86)\IBM\WebSphere MQ\java\lib;C:\Program Files (x86)\IBM\WebSphere MQ\java\lib64;C:\instantclient_12_1;C:\instantclient_12_1\sdk;C:\oraclexe\app\oracle\product\10.2.0\server\bin;C:\Program Files (x86)\Intel\iCLS Client\;C:\Program Files\Intel\iCLS Client\;C:\Program Files\Dell\DW WLAN Card;C:\Windows\system32;C:\Windows;C:\Windows\System32\Wbem;C:\Windows\System32\WindowsPowerShell\v1.0\;c:\Program Files\WIDCOMM\Bluetooth Software\;c:\Program Files\WIDCOMM\Bluetooth Software\syswow64;C:\Program Files\Intel\Intel(R) Management Engine Components\DAL;C:\Program Files (x86)\Intel\Intel(R) Management Engine Components\DAL;C:\Program Files\Intel\Intel(R) Management Engine Components\IPT;C:\Program Files (x86)\Intel\Intel(R) Management Engine Components\IPT;C:\Program Files\Java\jdk1.8.0_121\bin;C:\Program Files (x86)\Microsoft SQL Server\110\Tools\Binn\;C:\Program Files\Microsoft SQL Server\110\Tools\Binn\;C:\Program Files\Microsoft SQL Server\110\DTS\Binn\;C:\Program Files\Microsoft SQL Server\Client SDK\ODBC\110\Tools\Binn\;C:\Program Files (x86)\Microsoft SQL Server\120\Tools\Binn\ManagementStudio\;C:\Program Files (x86)\Microsoft SQL Server\120\Tools\Binn\;C:\Program Files\Microsoft SQL Server\120\Tools\Binn\;C:\Program Files (x86)\Microsoft SQL Server\120\DTS\Binn\;C:\Program Files\Microsoft SQL Server\120\DTS\Binn\;C:\maven333\bin;C:\Program Files\TortoiseSVN\bin;C:\Program Files (x86)\Microsoft SQL Server Migration Assistant for Oracle\bin\;C:\Program Files (x86)\Windows Kits\8.1\Windows Performance Toolkit\;C:\MinGW\bin;C:\MinGW\msys\1.0\bin;C:\Program Files (x86)\IBM\WebSphere MQ\bin64;C:\Program Files (x86)\IBM\WebSphere MQ\bin;C:\Program Files (x86)\IBM\WebSphere MQ\tools\c\samples\bin;C:\Program Files\Git\cmd;C:\Program Files (x86)\Skype\Phone\;E:\node.bat;C:\Program Files\nodejs\;C:\Users\Admin\AppData\Local\atom\bin;C:\Program Files\Microsoft VS Code\bin;C:\Users\Admin\AppData\Roaming\npm;H:\Alphzeno\projects\ide\eclipse;;., surefire.test.class.path=H:\Alphzeno\projects\workarea\ProfileManagement\target\test-classes;H:\Alphzeno\projects\workarea\ProfileManagement\target\classes;H:\Alphzeno\projects\mvn\repos\org\springframework\boot\spring-boot-starter-data-jpa\1.5.13.RELEASE\spring-boot-starter-data-jpa-1.5.13.RELEASE.jar;H:\Alphzeno\projects\mvn\repos\org\springframework\boot\spring-boot-starter\1.5.13.RELEASE\spring-boot-starter-1.5.13.RELEASE.jar;H:\Alphzeno\projects\mvn\repos\org\springframework\boot\spring-boot\1.5.13.RELEASE\spring-boot-1.5.13.RELEASE.jar;H:\Alphzeno\projects\mvn\repos\org\springframework\boot\spring-boot-autoconfigure\1.5.13.RELEASE\spring-boot-autoconfigure-1.5.13.RELEASE.jar;H:\Alphzeno\projects\mvn\repos\org\springframework\boot\spring-boot-starter-logging\1.5.13.RELEASE\spring-boot-starter-logging-1.5.13.RELEASE.jar;H:\Alphzeno\projects\mvn\repos\ch\qos\logback\logback-classic\1.1.11\logback-classic-1.1.11.jar;H:\Alphzeno\projects\mvn\repos\ch\qos\logback\logback-core\1.1.11\logback-core-1.1.11.jar;H:\Alphzeno\projects\mvn\repos\org\slf4j\jul-to-slf4j\1.7.25\jul-to-slf4j-1.7.25.jar;H:\Alphzeno\projects\mvn\repos\org\slf4j\log4j-over-slf4j\1.7.25\log4j-over-slf4j-1.7.25.jar;H:\Alphzeno\projects\mvn\repos\org\yaml\snakeyaml\1.17\snakeyaml-1.17.jar;H:\Alphzeno\projects\mvn\repos\org\springframework\boot\spring-boot-starter-aop\1.5.13.RELEASE\spring-boot-starter-aop-1.5.13.RELEASE.jar;H:\Alphzeno\projects\mvn\repos\org\springframework\spring-aop\4.3.17.RELEASE\spring-aop-4.3.17.RELEASE.jar;H:\Alphzeno\projects\mvn\repos\org\aspectj\aspectjweaver\1.8.13\aspectjweaver-1.8.13.jar;H:\Alphzeno\projects\mvn\repos\org\springframework\boot\spring-boot-starter-jdbc\1.5.13.RELEASE\spring-boot-starter-jdbc-1.5.13.RELEASE.jar;H:\Alphzeno\projects\mvn\repos\org\apache\tomcat\tomcat-jdbc\8.5.31\tomcat-jdbc-8.5.31.jar;H:\Alphzeno\projects\mvn\repos\org\apache\tomcat\tomcat-juli\8.5.31\tomcat-juli-8.5.31.jar;H:\Alphzeno\projects\mvn\repos\org\springframework\spring-jdbc\4.3.17.RELEASE\spring-jdbc-4.3.17.RELEASE.jar;H:\Alphzeno\projects\mvn\repos\org\hibernate\hibernate-core\5.0.12.Final\hibernate-core-5.0.12.Final.jar;H:\Alphzeno\projects\mvn\repos\org\jboss\logging\jboss-logging\3.3.2.Final\jboss-logging-3.3.2.Final.jar;H:\Alphzeno\projects\mvn\repos\org\hibernate\javax\persistence\hibernate-jpa-2.1-api\1.0.0.Final\hibernate-jpa-2.1-api-1.0.0.Final.jar;H:\Alphzeno\projects\mvn\repos\org\javassist\javassi
[...]
SE\spring-boot-actuator-1.5.13.RELEASE.jar;H:\Alphzeno\projects\mvn\repos\com\oracle\ojdbc7\12.1.0\ojdbc7-12.1.0.jar;H:\Alphzeno\projects\mvn\repos\org\springframework\boot\spring-boot-starter-test\1.5.13.RELEASE\spring-boot-starter-test-1.5.13.RELEASE.jar;H:\Alphzeno\projects\mvn\repos\org\springframework\boot\spring-boot-test\1.5.13.RELEASE\spring-boot-test-1.5.13.RELEASE.jar;H:\Alphzeno\projects\mvn\repos\org\springframework\boot\spring-boot-test-autoconfigure\1.5.13.RELEASE\spring-boot-test-autoconfigure-1.5.13.RELEASE.jar;H:\Alphzeno\projects\mvn\repos\com\jayway\jsonpath\json-path\2.2.0\json-path-2.2.0.jar;H:\Alphzeno\projects\mvn\repos\net\minidev\json-smart\2.2.1\json-smart-2.2.1.jar;H:\Alphzeno\projects\mvn\repos\net\minidev\accessors-smart\1.1\accessors-smart-1.1.jar;H:\Alphzeno\projects\mvn\repos\org\ow2\asm\asm\5.0.3\asm-5.0.3.jar;H:\Alphzeno\projects\mvn\repos\junit\junit\4.12\junit-4.12.jar;H:\Alphzeno\projects\mvn\repos\org\assertj\assertj-core\2.6.0\assertj-core-2.6.0.jar;H:\Alphzeno\projects\mvn\repos\org\mockito\mockito-core\1.10.19\mockito-core-1.10.19.jar;H:\Alphzeno\projects\mvn\repos\org\objenesis\objenesis\2.1\objenesis-2.1.jar;H:\Alphzeno\projects\mvn\repos\org\hamcrest\hamcrest-core\1.3\hamcrest-core-1.3.jar;H:\Alphzeno\projects\mvn\repos\org\hamcrest\hamcrest-library\1.3\hamcrest-library-1.3.jar;H:\Alphzeno\projects\mvn\repos\org\skyscreamer\jsonassert\1.4.0\jsonassert-1.4.0.jar;H:\Alphzeno\projects\mvn\repos\com\vaadin\external\google\android-json\0.0.20131108.vaadin1\android-json-0.0.20131108.vaadin1.jar;H:\Alphzeno\projects\mvn\repos\org\springframework\spring-core\4.3.17.RELEASE\spring-core-4.3.17.RELEASE.jar;H:\Alphzeno\projects\mvn\repos\org\springframework\spring-test\4.3.17.RELEASE\spring-test-4.3.17.RELEASE.jar;H:\Alphzeno\projects\mvn\repos\javax\servlet\servlet-api\2.5\servlet-api-2.5.jar;, java.specification.name=Java Platform API Specification, java.class.version=52.0, sun.management.compiler=HotSpot 64-Bit Tiered Compilers, os.version=6.3, user.home=C:\Users\Admin, user.timezone=Asia/Riyadh, java.awt.printerjob=sun.awt.windows.WPrinterJob, file.encoding=Cp1252, java.specification.version=1.8, java.class.path=H:\Alphzeno\projects\workarea\ProfileManagement\target\test-classes;H:\Alphzeno\projects\workarea\ProfileManagement\target\classes;H:\Alphzeno\projects\mvn\repos\org\springframework\boot\spring-boot-starter-data-jpa\1.5.13.RELEASE\spring-boot-starter-data-jpa-1.5.13.RELEASE.jar;H:\Alphzeno\projects\mvn\repos\org\springframework\boot\spring-boot-starter\1.5.13.RELEASE\spring-boot-starter-1.5.13.RELEASE.jar;H:\Alphzeno\projects\mvn\repos\org\springframework\boot\spring-boot\1.5.13.RELEASE\spring-boot-1.5.13.RELEASE.jar;H:\Alphzeno\projects\mvn\repos\org\springframework\boot\spring-boot-autoconfigure\1.5.13.RELEASE\spring-boot-autoconfigure-1.5.13.RELEASE.jar;H:\Alphzeno\projects\mvn\repos\org\springframework\boot\spring-boot-starter-logging\1.5.13.RELEASE\spring-boot-starter-logging-1.5.13.RELEASE.jar;H:\Alphzeno\projects\mvn\repos\ch\qos\logback\logback-classic\1.1.11\logback-classic-1.1.11.jar;H:\Alphzeno\projects\mvn\repos\ch\qos\logback\logback-core\1.1.11\logback-core-1.1.11.jar;H:\Alphzeno\projects\mvn\repos\org\slf4j\jul-to-slf4j\1.7.25\jul-to-slf4j-1.7.25.jar;H:\Alphzeno\projects\mvn\repos\org\slf4j\log4j-over-slf4j\1.7.25\log4j-over-slf4j-1.7.25.jar;H:\Alphzeno\projects\mvn\repos\org\yaml\snakeyaml\1.17\snakeyaml-1.17.jar;H:\Alphzeno\projects\mvn\repos\org\springframework\boot\spring-boot-starter-aop\1.5.13.RELEASE\spring-boot-starter-aop-1.5.13.RELEASE.jar;H:\Alphzeno\projects\mvn\repos\org\springframework\spring-aop\4.3.17.RELEASE\spring-aop-4.3.17.RELEASE.jar;H:\Alphzeno\projects\mvn\repos\org\aspectj\aspectjweaver\1.8.13\aspectjweaver-1.8.13.jar;H:\Alphzeno\projects\mvn\repos\org\springframework\boot\spring-boot-starter-jdbc\1.5.13.RELEASE\spring-boot-starter-jdbc-1.5.13.RELEASE.jar;H:\Alphzeno\projects\mvn\repos\org\apache\tomcat\tomcat-jdbc\8.5.31\tomcat-jdbc-8.5.31.jar;H:\Alphzeno\projects\mvn\repos\org\apache\tomcat\tomcat-juli\8.5.31\tomcat-juli-8.5.31.jar;H:\Alphzeno\projects\mvn\repos\org\springframework\spring-jdbc\4.3.17.RELEASE\spring-jdbc-4.3.17.RELEASE.jar;H:\Alphzeno\projects\mvn\repos\org\hibernate\hibernate-core\5.0.12.Final\hibernate-core-5.0.12.Final.jar;H:\Alphzeno\projects\mvn\repos\org\jboss\logging\jboss-logging\3.3.2.Final\jboss-logging-3.3.2.Final.jar;H:\Alphzeno\projects\mvn\repos\org\hibernate\javax\persistence\hibernate-jpa-2.1-api\1.0.0.Final\hibernate-jpa-2.1-api-1.0.0.Final.jar;H:\Alphzeno\projects\mvn\repos\org\javassist\javassist\3.21.0-GA\javassist-3.21.0-GA.jar;H:\Alphzeno\projects\mvn\repos\antlr\antlr\2.7.7\antlr-2.7.7.jar;H:\Alphzeno\projects\mvn\repos\org\jboss\jandex\2.0.0.Final\jandex-2.0.0.Final.jar;H:\Alphzeno\projects\mvn\repos\dom4j\dom4j\1.6.1\dom4j-1.6.1.jar;H:\Alphzeno\projects\mvn\repos\org\hibernate\common\hibernate-commons-annotations\5.0.1.Final\hibernate-commons-annotations-5.0.1.Final.jar;H:\Alphzeno\projects\mvn\repos\org\hibernate\hibernate-entitymanager\5.0.12.Final\hibernate-entitymanager-5.0.12.Final.jar;H:\Alphzeno\projects\mvn\repos\javax\transaction\javax.transaction-api\1.2\javax.transaction-api-1.2.jar;H:\Alphzeno\projects\mvn\repos\org\springframework\data\spring-data-jpa\1.11.12.RELEASE\spring-data-jpa-1.11.12.RELEASE.jar;H:\Alphzeno\projects\mvn\repos\org\springframework\data\spring-data-commons\1.13.12.RELEASE\spring-data-commons-1.13.12.RELEASE.jar;H:\Alphzeno\projects\mvn\repos\org\springframework\spring-orm\4.3.17.RELEASE\spring-orm-4.3.17.RELEASE.jar;H:\Alphzeno\projects\mvn\repos\org\springframework\spring-context\4.3.17.RELEASE\spring-context-4.3.17.RELEASE.jar;H:\Alphzeno\projects\mvn\repos\org\springframework\spring-tx\4.3.17.RELEASE\spring-tx-4.3.17.RELEASE.jar;H:\Alphzeno\projects\mvn\repos\org\springframework\spring-beans\4.3.17.RELEASE\spring-beans-4.3.17.RELEASE.jar;H:\Alphzeno\projects\mvn\repos\org\slf4j\slf4j-api\1.7.25\slf4j-api-1.7.25.jar;H:\Alphzeno\projects\mvn\repos\org\slf4j\jcl-over-slf4j\1.7.25\jcl-over-slf4j-1.7.25.jar;H:\Alphzeno\projects\mvn\repos\org\springframework\spring-aspects\4.3.17.RELEASE\spring-aspects-4.3.17.RELEASE.jar;H:\Alphzeno\projects\mvn\repos\org\springframework\boot\spring-boot-starter-web\1.5.13.RELEASE\spring-boot-starter-web-1.5.13.RELEASE.jar;H:\Alphzeno\projects\mvn\repos\org\hibernate\hibernate-validator\5.3.6.Final\hibernate-validator-5.3.6.Final.jar;H:\Alphzeno\projects\mvn\repos\javax\validation\validation-api\1.1.0.Final\validation-api-1.1.0.Final.jar;H:\Alphzeno\projects\mvn\repos\com\fasterxml\classmate\1.3.4\classmate-1.3.4.jar;H:\Alphzeno\projects\mvn\repos\com\fasterxml\jackson\core\jackson-databind\2.8.11.1\jackson-databind-2.8.11.1.jar;H:\Alphzeno\projects\mvn\repos\com\fasterxml\jackson\core\jackson-annotations\2.8.0\jackson-annotations-2.8.0.jar;H:\Alphzeno\projects\mvn\repos\com\fasterxml\jackson\core\jackson-core\2.8.11\jackson-core-2.8.11.jar;H:\Alphzeno\projects\mvn\repos\org\springframework\spring-web\4.3.17.RELEASE\spring-web-4.3.17.RELEASE.jar;H:\Alphzeno\projects\mvn\repos\org\springframework\spring-webmvc\4.3.17.RELEASE\spring-webmvc-4.3.17.RELEASE.jar;H:\Alphzeno\projects\mvn\repos\org\springframework\spring-expression\4.3.17.RELEASE\spring-expression-4.3.17.RELEASE.jar;H:\Alphzeno\projects\mvn\repos\org\springframework\boot\spring-boot-starter-actuator\1.5.13.RELEASE\spring-boot-starter-actuator-1.5.13.RELEASE.jar;H:\Alphzeno\projects\mvn\repos\org\springframework\boot\spring-boot-actuator\1.5.13.RELEASE\spring-boot-actuator-1.5.13.RELEASE.jar;H:\Alphzeno\projects\mvn\repos\com\oracle\ojdbc7\12.1.0\ojdbc7-12.1.0.jar;H:\Alphzeno\projects\mvn\repos\org\springframework\boot\spring-boot-starter-test\1.5.13.RELEASE\spring-boot-starter-test-1.5.13.RELEASE.jar;H:\Alphzeno\projects\mvn\repos\org\springframework\boot\spring-boot-test\1.5.13.RELEASE\spring-boot-test-1.5.13.RELEASE.jar;H:\Alphzeno\projects\mvn\repos\org\springframework\boot\spring-boot-test-autoconfigure\1.5.13.RELEASE\spring-boot-test-autoconfigure-1.5.13.RELEASE.jar;H:\Alphzeno\projects\mvn\repos\com\jayway\jsonpath\json-path\2.2.0\json-path-2.2.0.jar;H:\Alphzeno\projects\mvn\repos\net\minidev\json-smart\2.2.1\json-smart-2.2.1.jar;H:\Alphzeno\projects\mvn\repos\net\minidev\accessors-smart\1.1\accessors-smart-1.1.jar;H:\Alphzeno\projects\mvn\repos\org\ow2\asm\asm\5.0.3\asm-5.0.3.jar;H:\Alphzeno\projects\mvn\repos\junit\junit\4.12\junit-4.12.jar;H:\Alphzeno\projects\mvn\repos\org\assertj\assertj-core\2.6.0\assertj-core-2.6.0.jar;H:\Alphzeno\projects\mvn\repos\org\mockito\mockito-core\1.10.19\mockito-core-1.10.19.jar;H:\Alphzeno\projects\mvn\repos\org\objenesis\objenesis\2.1\objenesis-2.1.jar;H:\Alphzeno\projects\mvn\repos\org\hamcrest\hamcrest-core\1.3\hamcrest-core-1.3.jar;H:\Alphzeno\projects\mvn\repos\org\hamcrest\hamcrest-library\1.3\hamcrest-library-1.3.jar;H:\Alphzeno\projects\mvn\repos\org\skyscreamer\jsonassert\1.4.0\jsonassert-1.4.0.jar;H:\Alphzeno\projects\mvn\repos\com\vaadin\external\google\android-json\0.0.20131108.vaadin1\android-json-0.0.20131108.vaadin1.jar;H:\Alphzeno\projects\mvn\repos\org\springframework\spring-core\4.3.17.RELEASE\spring-core-4.3.17.RELEASE.jar;H:\Alphzeno\projects\mvn\repos\org\springframework\spring-test\4.3.17.RELEASE\spring-test-4.3.17.RELEASE.jar;H:\Alphzeno\projects\mvn\repos\javax\servlet\servlet-api\2.5\servlet-api-2.5.jar;, user.name=Admin, java.vm.specification.version=1.8, sun.java.command=H:\Alphzeno\projects\workarea\ProfileManagement\target\surefire\surefirebooter7884322523029016217.jar H:\Alphzeno\projects\workarea\ProfileManagement\target\surefire\surefire4557367806441789146tmp H:\Alphzeno\projects\workarea\ProfileManagement\target\surefire\surefire_05141724944381504405tmp, java.home=C:\Program Files\Java\jdk1.8.0_121\jre, sun.arch.data.model=64, user.language=en, java.specification.vendor=Oracle Corporation, awt.toolkit=sun.awt.windows.WToolkit, java.vm.info=mixed mode, java.version=1.8.0_121, java.ext.dirs=C:\Program Files\Java\jdk1.8.0_121\jre\lib\ext;C:\Windows\Sun\Java\lib\ext, sun.boot.class.path=C:\Program Files\Java\jdk1.8.0_121\jre\lib\resources.jar;C:\Program Files\Java\jdk1.8.0_121\jre\lib\rt.jar;C:\Program Files\Java\jdk1.8.0_121\jre\lib\sunrsasign.jar;C:\Program Files\Java\jdk1.8.0_121\jre\lib\jsse.jar;C:\Program Files\Java\jdk1.8.0_121\jre\lib\jce.jar;C:\Program Files\Java\jdk1.8.0_121\jre\lib\charsets.jar;C:\Program Files\Java\jdk1.8.0_121\jre\lib\jfr.jar;C:\Program Files\Java\jdk1.8.0_121\jre\classes, java.vendor=Oracle Corporation, localRepository=H:\Alphzeno\projects\mvn\repos, file.separator=\, java.vendor.url.bug=http://bugreport.sun.com/bugreport/, sun.io.unicode.encoding=UnicodeLittle, sun.cpu.endian=little, sun.desktop=windows, sun.cpu.isalist=amd64}}, SystemEnvironmentPropertySource@1882554559 {name='systemEnvironment', properties={PATH=C:/Program Files/Java/jre1.8.0_144/bin/server;C:/Program Files/Java/jre1.8.0_144/bin;C:/Program Files/Java/jre1.8.0_144/lib/amd64;C:\ProgramData\Oracle\Java\javapath;C:\Program Files\Python36\Scripts\;C:\Program Files\Python36\;C:\Program Files (x86)\IBM\WebSphere MQ\java\lib;C:\Program Files (x86)\IBM\WebSphere MQ\java\lib64;C:\instantclient_12_1;C:\instantclient_12_1\sdk;C:\oraclexe\app\oracle\product\10.2.0\server\bin;C:\Program Files (x86)\Intel\iCLS Client\;C:\Program Files\Intel\iCLS Client\;C:\Program Files\Dell\DW WLAN Card;C:\Windows\system32;C:\Windows;C:\Windows\System32\Wbem;C:\Windows\System32\WindowsPowerShell\v1.0\;c:\Program Files\WIDCOMM\Bluetooth Software\;c:\Program Files\WIDCOMM\Bluetooth Software\syswow64;C:\Program Files\Intel\Intel(R) Management Engine Components\DAL;C:\Program Files (x86)\Intel\Intel(R) Management Engine Components\DAL;C:\Program Files\Intel\Intel(R) Management Engine Components\IPT;C:\Program Files (x86)\Intel\Intel(R) Management Engine Components\IPT;C:\Program Files\Java\jdk1.8.0_121\bin;C:\Program Files (x86)\Microsoft SQL Server\110\Tools\Binn\;C:\Program Files\Microsoft SQL Server\110\Tools\Binn\;C:\Program Files\Microsoft SQL Server\110\DTS\Binn\;C:\Program Files\Microsoft SQL Server\Client SDK\ODBC\110\Tools\Binn\;C:\Program Files (x86)\Microsoft SQL Server\120\Tools\Binn\ManagementStudio\;C:\Program Files (x86)\Microsoft SQL Server\120\Tools\Binn\;C:\Program Files\Microsoft SQL Server\120\Tools\Binn\;C:\Program Files (x86)\Microsoft SQL Server\120\DTS\Binn\;C:\Program Files\Microsoft SQL Server\120\DTS\Binn\;C:\maven333\bin;C:\Program Files\TortoiseSVN\bin;C:\Program Files (x86)\Microsoft SQL Server Migration Assistant for Oracle\bin\;C:\Program Files (x86)\Windows Kits\8.1\Windows Performance Toolkit\;C:\MinGW\bin;C:\MinGW\msys\1.0\bin;C:\Program Files (x86)\IBM\WebSphere MQ\bin64;C:\Program Files (x86)\IBM\WebSphere MQ\bin;C:\Program Files (x86)\IBM\WebSphere MQ\tools\c\samples\bin;C:\Program Files\Git\cmd;C:\Program Files (x86)\Skype\Phone\;E:\node.bat;C:\Program Files\nodejs\;C:\Users\Admin\AppData\Local\atom\bin;C:\Program Files\Microsoft VS Code\bin;C:\Users\Admin\AppData\Roaming\npm;H:\Alphzeno\projects\ide\eclipse;, USERDOMAIN_ROAMINGPROFILE=PC4, MQ_JRE_PATH=C:\Program Files (x86)\IBM\WebSphere MQ\java\jre, PROCESSOR_LEVEL=6, SYSTEMDRIVE=C:, MQ_JAVA_DATA_PATH=C:\Program Files (x86)\IBM\WebSphere MQ, FP_NO_HOST_CHECK=NO, SESSIONNAME=Console, ALLUSERSPROFILE=C:\ProgramData, PROCESSOR_ARCHITECTURE=AMD64, TNS_ADMIN=C:\instantclient_12_1, PROGRAMFILES=C:\Program Files, MQ_JAVA_LIB_PATH=C:\Program Files (x86)\IBM\WebSphere MQ\java\lib64;C:\Program Files (x86)\IBM\WebSphere MQ\java\lib, PSMODULEPATH=C:\Windows\system32\WindowsPowerShell\v1.0\Modules\;C:\Program Files (x86)\Microsoft SQL Server\110\Tools\PowerShell\Modules\;C:\Program Files (x86)\Microsoft SQL Server\120\Tools\PowerShell\Modules\, PROGRAMDATA=C:\ProgramData, USERNAME=Admin, INCLUDE=C:\Program Files (x86)\IBM\WebSphere MQ\tools\c\include;C:\Program Files (x86)\IBM\WebSphere MQ\tools\cplus\include, PATHEXT=.COM;.EXE;.BAT;.CMD;.VBS;.VBE;.JS;.JSE;.WSF;.WSH;.MSC;.PY;.PYW, WINDIR=C:\Windows, HOMEPATH=\Users\Admin, PROCESSOR_IDENTIFIER=Intel64 Family 6 Model 61 Stepping 4, GenuineIntel, M2_HOME=C:\maven333, MQ_JAVA_INSTALL_PATH=C:\Program Files (x86)\IBM\WebSphere MQ\java, PUBLIC=C:\Users\Public, =::=::\, OPENSSL_CONF=E:\openssl\OpenSSL-Win64\bin\openssl.cfg, LOCALAPPDATA=C:\Users\Admin\AppData\Local, COMMONPROGRAMFILES(X86)=C:\Program Files (x86)\Common Files, SSMA_O2SS_EP_HOME=C:\Microsoft SQL Server Migration Assistant for Oracle Extension Pack\, USERDOMAIN=PC4, LOGONSERVER=\\PC4, JAVA_HOME=C:\Program Files\Java\jdk1.8.0_121, PROMPT=$P$G, PROGRAMFILES(X86)=C:\Program Files (x86), =C:=C:\, APPDATA=C:\Users\Admin\AppData\Roaming, PROGRAMW6432=C:\Program Files, SYSTEMROOT=C:\Windows, MQ_FILE_PATH=C:\Program Files (x86)\IBM\WebSphere MQ, VBOX_MSI_INSTALL_PATH=C:\Program Files\Oracle\VirtualBox\, LIB=C:\Program Files (x86)\IBM\WebSphere MQ\tools\lib64;C:\Program Files (x86)\IBM\WebSphere MQ\tools\lib, OS=Windows_NT, COMMONPROGRAMW6432=C:\Program Files\Common Files, COMPUTERNAME=PC4, COMMONPROGRAMFILES=C:\Program Files\Common Files, COMSPEC=C:\Windows\system32\cmd.exe, VS90COMNTOOLS=C:\Program Files (x86)\Microsoft Visual Studio 9.0\Common7\Tools\, PROCESSOR_REVISION=3d04, =H:=H:\Alphzeno\projects\workarea\ProfileManagement, TEMP=C:\Users\Admin\AppData\Local\Temp, HOMEDRIVE=C:, USERPROFILE=C:\Users\Admin, TMP=C:\Users\Admin\AppData\Local\Temp, NUMBER_OF_PROCESSORS=4}}]
10:11:42.768 [main] DEBUG org.springframework.core.env.MutablePropertySources - Adding PropertySource 'inline' with highest search precedence
10:11:42.803 [main] DEBUG org.springframework.test.context.support.TestPropertySourceUtils - Adding inlined properties to environment: {spring.jmx.enabled=false, org.springframework.boot.test.context.SpringBootTestContextBootstrapper=true, server.port=-1}
10:11:42.804 [main] DEBUG org.springframework.core.env.StandardEnvironment - Adding PropertySource 'Inlined Test Properties' with highest search precedence
10:11:42.821 [main] ERROR org.springframework.test.context.TestContextManager - Caught exception while allowing TestExecutionListener [org.springframework.test.context.web.ServletTestExecutionListener@1a052a00] to prepare test instance [com.ats.application.apm.ProfileManagementApplicationTests@15eb5ee5]
java.lang.NoClassDefFoundError: javax/servlet/SessionCookieConfig
	at org.springframework.boot.test.context.SpringBootContextLoader$WebConfigurer.addMockServletContext(SpringBootContextLoader.java:273)
	at org.springframework.boot.test.context.SpringBootContextLoader$WebConfigurer.configure(SpringBootContextLoader.java:266)
	at org.springframework.boot.test.context.SpringBootContextLoader.loadContext(SpringBootContextLoader.java:114)
	at org.springframework.test.context.cache.DefaultCacheAwareContextLoaderDelegate.loadContextInternal(DefaultCacheAwareContextLoaderDelegate.java:98)
	at org.springframework.test.context.cache.DefaultCacheAwareContextLoaderDelegate.loadContext(DefaultCacheAwareContextLoaderDelegate.java:116)
	at org.springframework.test.context.support.DefaultTestContext.getApplicationContext(DefaultTestContext.java:83)
	at org.springframework.test.context.web.ServletTestExecutionListener.setUpRequestContextIfNecessary(ServletTestExecutionListener.java:189)
	at org.springframework.test.context.web.ServletTestExecutionListener.prepareTestInstance(ServletTestExecutionListener.java:131)
	at org.springframework.test.context.TestContextManager.prepareTestInstance(TestContextManager.java:230)
	at org.springframework.test.context.junit4.SpringJUnit4ClassRunner.createTest(SpringJUnit4ClassRunner.java:228)
	at org.springframework.test.context.junit4.SpringJUnit4ClassRunner$1.runReflectiveCall(SpringJUnit4ClassRunner.java:287)
	at org.junit.internal.runners.model.ReflectiveCallable.run(ReflectiveCallable.java:12)
	at org.springframework.test.context.junit4.SpringJUnit4ClassRunner.methodBlock(SpringJUnit4ClassRunner.java:289)
	at org.springframework.test.context.junit4.SpringJUnit4ClassRunner.runChild(SpringJUnit4ClassRunner.java:247)
	at org.springframework.test.context.junit4.SpringJUnit4ClassRunner.runChild(SpringJUnit4ClassRunner.java:94)
	at org.junit.runners.ParentRunner$3.run(ParentRunner.java:290)
	at org.junit.runners.ParentRunner$1.schedule(ParentRunner.java:71)
	at org.junit.runners.ParentRunner.runChildren(ParentRunner.java:288)
	at org.junit.runners.ParentRunner.access$000(ParentRunner.java:58)
	at org.junit.runners.ParentRunner$2.evaluate(ParentRunner.java:268)
	at org.springframework.test.context.junit4.statements.RunBeforeTestClassCallbacks.evaluate(RunBeforeTestClassCallbacks.java:61)
	at org.springframework.test.context.junit4.statements.RunAfterTestClassCallbacks.evaluate(RunAfterTestClassCallbacks.java:70)
	at org.junit.runners.ParentRunner.run(ParentRunner.java:363)
	at org.springframework.test.context.junit4.SpringJUnit4ClassRunner.run(SpringJUnit4ClassRunner.java:191)
	at org.apache.maven.surefire.junit4.JUnit4Provider.execute(JUnit4Provider.java:283)
	at org.apache.maven.surefire.junit4.JUnit4Provider.executeWithRerun(JUnit4Provider.java:173)
	at org.apache.maven.surefire.junit4.JUnit4Provider.executeTestSet(JUnit4Provider.java:153)
	at org.apache.maven.surefire.junit4.JUnit4Provider.invoke(JUnit4Provider.java:128)
	at org.apache.maven.surefire.booter.ForkedBooter.invokeProviderInSameClassLoader(ForkedBooter.java:203)
	at org.apache.maven.surefire.booter.ForkedBooter.runSuitesInProcess(ForkedBooter.java:155)
	at org.apache.maven.surefire.booter.ForkedBooter.main(ForkedBooter.java:103)
Caused by: java.lang.ClassNotFoundException: javax.servlet.SessionCookieConfig
	at java.net.URLClassLoader.findClass(URLClassLoader.java:381)
	at java.lang.ClassLoader.loadClass(ClassLoader.java:424)
	at sun.misc.Launcher$AppClassLoader.loadClass(Launcher.java:331)
	at java.lang.ClassLoader.loadClass(ClassLoader.java:357)
	... 31 common frames omitted
]]></system-out>
  </testcase>
</testsuite>